
   Program  MARK  - Survival Rate Estimation with Capture-Recapture Data
   gfortran(Win64) Vers. 8.1 Mar 2016   10-Nov-2016 14:07:49    Page  001
 - - - - - - - - - - - - - - - - - - - - - - - - - - - - - - - - - - - - - -
 
   This version was compiled by GCC version 5.3.0 using the options: 
     -cpp -iprefix c:\tdm-gcc-64\gcc\bin\../lib/gcc/x86_64-w64-mingw32/5.3.0/ -D_MT
     -U_REENTRANT -D IEEE -m64 -mtune=generic -march=x86-64 -mthreads -O2
     -fimplicit-none -fbounds-check -funroll-loops -ftree-vectorize
     -ffpe-summary=invalid,zero,overflow,underflow -fno-unsafe-math-optimizations
     -frounding-math -fsignaling-nans -fopenmp.

   This problem will use 7 of 8 possible threads.


  INPUT --- proc title ;

     CPU Time in seconds for last procedure was 0.00


  INPUT --- proc chmatrix occasions= 11 groups= 1 etype= RDHuggins 
  INPUT --- ICMeans NoHist hist= 182 ;

  INPUT ---    time interval 0 1 0 1 0 1 0 0 1 0 ;

  INPUT ---    glabel(1)=Group 1;

      Number of unique encounter histories read was 182.

      Number of individual covariates read was 0.
      Time interval lengths vary and/or not equal to 1.

      Data type number is 13
      Data type is Robust Design with Huggins' p and c                                                                 

     CPU Time in seconds for last procedure was 0.02

  Program  MARK  - Survival Rate Estimation with Capture-Recapture Data
   gfortran(Win64) Vers. 8.1 Mar 2016   10-Nov-2016 14:07:49    Page  002
 - - - - - - - - - - - - - - - - - - - - - - - - - - - - - - - - - - - - - -
 


  INPUT --- proc estimate link=Logit NOLOOP varest=2ndPart    ;


  INPUT --- model={ S(~1)Gamma''(~1)Gamma'()p(~session)c() };

  INPUT ---    fixed=1;
  INPUT ---        parm(8)=0 ;

  INPUT ---    group=1 S    rows=4 cols=4 Triang ;
  INPUT ---        1 1 1 1 ;
  INPUT ---        1 1 1 ;
  INPUT ---        1 1 ;
  INPUT ---        1 ;

  INPUT ---    group=1 Gamma''    rows=4 cols=4 Triang ;
  INPUT ---        8 8 8 8 ;
  INPUT ---        8 8 8 ;
  INPUT ---        8 8 ;
  INPUT ---        8 ;

  INPUT ---    group=1 Gamma'    rows=3 cols=3 Triang ;
  INPUT ---        2 2 2 ;
  INPUT ---        2 2 ;
  INPUT ---        2 ;

  INPUT ---    group=1 p  Session 1  rows=1 cols=2 Square ;
  INPUT ---        3 3 ;

  INPUT ---    group=1 p  Session 2  rows=1 cols=2 Square ;
  INPUT ---        4 4 ;

  INPUT ---    group=1 p  Session 3  rows=1 cols=2 Square ;
  INPUT ---        5 5 ;

  INPUT ---    group=1 p  Session 4  rows=1 cols=3 Square ;
  INPUT ---        6 6 6 ;

  INPUT ---    group=1 p  Session 5  rows=1 cols=2 Square ;
  INPUT ---        7 7 ;

  INPUT ---    group=1 c  Session 1  rows=1 cols=1 Square ;
  INPUT ---        3 ;

  INPUT ---    group=1 c  Session 2  rows=1 cols=1 Square ;

  Program  MARK  - Survival Rate Estimation with Capture-Recapture Data
   gfortran(Win64) Vers. 8.1 Mar 2016   10-Nov-2016 14:07:49    Page  003
 - - - - - - - - - - - - - - - - - - - - - - - - - - - - - - - - - - - - - -
 
  INPUT ---        4 ;

  INPUT ---    group=1 c  Session 3  rows=1 cols=1 Square ;
  INPUT ---        5 ;

  INPUT ---    group=1 c  Session 4  rows=1 cols=2 Square ;
  INPUT ---        6 6 ;

  INPUT ---    group=1 c  Session 5  rows=1 cols=1 Square ;
  INPUT ---        7 ;

  INPUT ---    design matrix constraints=8 covariates=7;
  INPUT ---        1 0 0 0 0 0 0;
  INPUT ---        0 1 0 0 0 0 0;
  INPUT ---        0 0 1 0 0 0 0;
  INPUT ---        0 0 1 1 0 0 0;
  INPUT ---        0 0 1 0 1 0 0;
  INPUT ---        0 0 1 0 0 1 0;
  INPUT ---        0 0 1 0 0 0 1;
  INPUT ---        0 0 0 0 0 0 0;
  INPUT ---       blabel(1)=S:(Intercept);
  INPUT ---       blabel(2)=GammaDoublePrime:(Intercept);
  INPUT ---       blabel(3)=p:(Intercept);
  INPUT ---       blabel(4)=p:session2;
  INPUT ---       blabel(5)=p:session3;
  INPUT ---       blabel(6)=p:session4;
  INPUT ---       blabel(7)=p:session5;
  INPUT ---       rlabel(1)=S g1 c1 a0 t1;
  INPUT ---       rlabel(2)=Gamma' g1 c1 a1 t2;
  INPUT ---       rlabel(3)=p g1 s1 t1;
  INPUT ---       rlabel(4)=p g1 s2 t1;
  INPUT ---       rlabel(5)=p g1 s3 t1;
  INPUT ---       rlabel(6)=p g1 s4 t1;
  INPUT ---       rlabel(7)=p g1 s5 t1;
  INPUT ---       rlabel(8)=Gamma'' g1 c1 a0 t1;

 Link Function Used is LOGIT        

 Variance Estimation Procedure Used is 2ndPart 

 M(t+1):
 Group=Group 1                                                                         
     960    179    487    868    476


 -2logL(saturated) = -19238.310    
 Effective Sample Size = 3104

 Number of function evaluations was 22 for 7 parameters.
 Time for numerical optimization was 0.02 seconds.

  Program  MARK  - Survival Rate Estimation with Capture-Recapture Data
   gfortran(Win64) Vers. 8.1 Mar 2016   10-Nov-2016 14:07:49    Page  004
 - - - - - - - - - - - - - - - - - - - - - - - - - - - - - - - - - - - - - -
 
 -2logL { S(~1)Gamma''(~1)Gamma'()p(~session)c() } = 10567.305     
 Penalty { S(~1)Gamma''(~1)Gamma'()p(~session)c() } = -0.0000000    
 Gradient { S(~1)Gamma''(~1)Gamma'()p(~session)c() }:
 -0.7677505E-04  0.000000    -0.9161958E-04  0.000000      0.000000    
   0.000000      0.000000    
 S Vector { S(~1)Gamma''(~1)Gamma'()p(~session)c() }:
   1098.520      272.8347      167.1169      116.5658      81.25354    
   20.07780     0.3131938E-04
 Time to compute number of parameters was 0.06 seconds.
   Threshold =  0.1600000E-06     Condition index =  0.2851053E-07     New Threshold =  0.8286329E-04
 New Guessimate of Estimated Parameters { S(~1)Gamma''(~1)Gamma'()p(~session)c() } = 6          
 Conditioned S Vector { S(~1)Gamma''(~1)Gamma'()p(~session)c() }:
   1.000000     0.2483658     0.1521292     0.1061117     0.7396639E-01
  0.1827714E-01 0.2851053E-07
 Number of Estimated Parameters { S(~1)Gamma''(~1)Gamma'()p(~session)c() } = 6          
 DEVIANCE { S(~1)Gamma''(~1)Gamma'()p(~session)c() } = 29805.615                     
 DEVIANCE Degrees of Freedom { S(~1)Gamma''(~1)Gamma'()p(~session)c() } = 176            
 c-hat { S(~1)Gamma''(~1)Gamma'()p(~session)c() } = 169.35009                     
 AIC { S(~1)Gamma''(~1)Gamma'()p(~session)c() } = 10579.305                  
 AICc { S(~1)Gamma''(~1)Gamma'()p(~session)c() } = 10579.332                    
 BIC { S(~1)Gamma''(~1)Gamma'()p(~session)c() } = 10615.548                    
 Pearson Chisquare { S(~1)Gamma''(~1)Gamma'()p(~session)c() } = 1411.0552                  
 Possible Encounter Histories { S(~1)Gamma''(~1)Gamma'()p(~session)c() } = 2047             
 Pearson Chisquare df { S(~1)Gamma''(~1)Gamma'()p(~session)c() } = 2040        
 Pearson chat { S(~1)Gamma''(~1)Gamma'()p(~session)c() } = 0.6916937                  
 Sum(Observed/Expected) { S(~1)Gamma''(~1)Gamma'()p(~session)c() } = 593.35182                  
 Fletcher chat { S(~1)Gamma''(~1)Gamma'()p(~session)c() } = 2.3862691                  


          LOGIT Link Function Parameters of { S(~1)Gamma''(~1)Gamma'()p(~session)c() }
                                                              95% Confidence Interval
 Parameter                    Beta         Standard Error      Lower           Upper
 -------------------------  --------------  --------------  --------------  --------------
    1:S:(Intercept)         1.3692456       0.0999677       1.1733089       1.5651824     
    2:GammaDoublePrime:(In  -0.0999879      0.0000000       -0.0999879      -0.0999879    
    3:p:(Intercept)         -0.9853719      0.0886489       -1.1591237      -0.8116201    
    4:p:session2            -1.8429627      0.1428127       -2.1228756      -1.5630498    
    5:p:session3            -0.7890326      0.1199344       -1.0241040      -0.5539612    
    6:p:session4            -0.6715330      0.1089362       -0.8850479      -0.4580180    
    7:p:session5            -1.4446962      0.1294320       -1.6983828      -1.1910096    


          Real Function Parameters of { S(~1)Gamma''(~1)Gamma'()p(~session)c() }
                                                               95% Confidence Interval
  Parameter                  Estimate       Standard Error      Lower           Upper
 --------------------------  --------------  --------------  --------------  --------------
     1:S g1 c1 a0 t1         0.7972582       0.0161585       0.7637426       0.8270957                           
     2:Gamma' g1 c1 a1 t2    0.4750238       0.0000000       0.4750238       0.4750238                           
     3:p g1 s1 t1            0.2718272       0.0175469       0.2388266       0.3075454                           
     4:p g1 s2 t1            0.0558121       0.0059004       0.0453129       0.0685693                           
     5:p g1 s3 t1            0.1449954       0.0100146       0.1264481       0.1657472                           
     6:p g1 s4 t1            0.1601779       0.0085168       0.1441800       0.1775826                           
     7:p g1 s5 t1            0.0809084       0.0070130       0.0681849       0.0957622                           
     8:Gamma'' g1 c1 a0 t1   0.0000000       0.0000000       0.0000000       0.0000000       Fixed               


                     Estimates of Derived Parameters
    Population Estimates of { S(~1)Gamma''(~1)Gamma'()p(~session)c() }
                                                95% Confidence Interval
 Grp. Sess.     N-hat        Standard Error      Lower           Upper
 ---- -----  --------------  --------------  --------------  --------------
   1     1   2043.5778       121.09813       1831.0139       2308.0162     
   1     2   1649.6297       205.53883       1298.7215       2110.5086     
   1     3   1810.6296       134.94874       1571.4415       2102.5739     
   1     4   2129.1598       109.32389       1932.4377       2362.2387     
   1     5   3068.9158       285.96515       2566.2284       3692.4966     

 Attempted ordering of parameters by estimatibility:
  3 6 5 1 7 4 2
 Beta number 2 is a singular value.

  Program  MARK  - Survival Rate Estimation with Capture-Recapture Data
   gfortran(Win64) Vers. 8.1 Mar 2016   10-Nov-2016 14:07:49    Page  005
 - - - - - - - - - - - - - - - - - - - - - - - - - - - - - - - - - - - - - -
 

     CPU Time in seconds for last procedure was 0.08


  INPUT --- proc stop;

     CPU Time in minutes for this job was 0.00

     Time Start = 14:07:49.946   Time End = 14:07:49.994

     Wall Clock Time in minutes for this job was 0.00


          E X E C U T I O N   S U C C E S S F U L 
