
   Program  MARK  - Survival Rate Estimation with Capture-Recapture Data
   gfortran(Win64) Vers. 8.1 Mar 2016   10-Nov-2016 14:05:32    Page  001
 - - - - - - - - - - - - - - - - - - - - - - - - - - - - - - - - - - - - - -
 
   This version was compiled by GCC version 5.3.0 using the options: 
     -cpp -iprefix c:\tdm-gcc-64\gcc\bin\../lib/gcc/x86_64-w64-mingw32/5.3.0/ -D_MT
     -U_REENTRANT -D IEEE -m64 -mtune=generic -march=x86-64 -mthreads -O2
     -fimplicit-none -fbounds-check -funroll-loops -ftree-vectorize
     -ffpe-summary=invalid,zero,overflow,underflow -fno-unsafe-math-optimizations
     -frounding-math -fsignaling-nans -fopenmp.

   This problem will use 7 of 8 possible threads.


  INPUT --- proc title ;

     CPU Time in seconds for last procedure was 0.00


  INPUT --- proc chmatrix occasions= 11 groups= 1 etype= RDHuggins 
  INPUT --- ICMeans NoHist hist= 182 ;

  INPUT ---    time interval 0 1 0 1 0 1 0 1 0 0 ;

  INPUT ---    glabel(1)=Group 1;

      Number of unique encounter histories read was 182.

      Number of individual covariates read was 0.
      Time interval lengths vary and/or not equal to 1.

      Data type number is 13
      Data type is Robust Design with Huggins' p and c                                                                 

     CPU Time in seconds for last procedure was 0.02

  Program  MARK  - Survival Rate Estimation with Capture-Recapture Data
   gfortran(Win64) Vers. 8.1 Mar 2016   10-Nov-2016 14:05:32    Page  002
 - - - - - - - - - - - - - - - - - - - - - - - - - - - - - - - - - - - - - -
 


  INPUT --- proc estimate link=Logit NOLOOP varest=2ndPart    ;


  INPUT --- model={ S(~1)Gamma''(~1)Gamma'()p(~session)c() };

  INPUT ---    fixed=1;
  INPUT ---        parm(8)=0 ;

  INPUT ---    group=1 S    rows=4 cols=4 Triang ;
  INPUT ---        1 1 1 1 ;
  INPUT ---        1 1 1 ;
  INPUT ---        1 1 ;
  INPUT ---        1 ;

  INPUT ---    group=1 Gamma''    rows=4 cols=4 Triang ;
  INPUT ---        8 8 8 8 ;
  INPUT ---        8 8 8 ;
  INPUT ---        8 8 ;
  INPUT ---        8 ;

  INPUT ---    group=1 Gamma'    rows=3 cols=3 Triang ;
  INPUT ---        2 2 2 ;
  INPUT ---        2 2 ;
  INPUT ---        2 ;

  INPUT ---    group=1 p  Session 1  rows=1 cols=2 Square ;
  INPUT ---        3 3 ;

  INPUT ---    group=1 p  Session 2  rows=1 cols=2 Square ;
  INPUT ---        4 4 ;

  INPUT ---    group=1 p  Session 3  rows=1 cols=2 Square ;
  INPUT ---        5 5 ;

  INPUT ---    group=1 p  Session 4  rows=1 cols=2 Square ;
  INPUT ---        6 6 ;

  INPUT ---    group=1 p  Session 5  rows=1 cols=3 Square ;
  INPUT ---        7 7 7 ;

  INPUT ---    group=1 c  Session 1  rows=1 cols=1 Square ;
  INPUT ---        3 ;

  INPUT ---    group=1 c  Session 2  rows=1 cols=1 Square ;

  Program  MARK  - Survival Rate Estimation with Capture-Recapture Data
   gfortran(Win64) Vers. 8.1 Mar 2016   10-Nov-2016 14:05:32    Page  003
 - - - - - - - - - - - - - - - - - - - - - - - - - - - - - - - - - - - - - -
 
  INPUT ---        4 ;

  INPUT ---    group=1 c  Session 3  rows=1 cols=1 Square ;
  INPUT ---        5 ;

  INPUT ---    group=1 c  Session 4  rows=1 cols=1 Square ;
  INPUT ---        6 ;

  INPUT ---    group=1 c  Session 5  rows=1 cols=2 Square ;
  INPUT ---        7 7 ;

  INPUT ---    design matrix constraints=8 covariates=7;
  INPUT ---        1 0 0 0 0 0 0;
  INPUT ---        0 1 0 0 0 0 0;
  INPUT ---        0 0 1 0 0 0 0;
  INPUT ---        0 0 1 1 0 0 0;
  INPUT ---        0 0 1 0 1 0 0;
  INPUT ---        0 0 1 0 0 1 0;
  INPUT ---        0 0 1 0 0 0 1;
  INPUT ---        0 0 0 0 0 0 0;
  INPUT ---       blabel(1)=S:(Intercept);
  INPUT ---       blabel(2)=GammaDoublePrime:(Intercept);
  INPUT ---       blabel(3)=p:(Intercept);
  INPUT ---       blabel(4)=p:session2;
  INPUT ---       blabel(5)=p:session3;
  INPUT ---       blabel(6)=p:session4;
  INPUT ---       blabel(7)=p:session5;
  INPUT ---       rlabel(1)=S g1 c1 a0 t1;
  INPUT ---       rlabel(2)=Gamma' g1 c1 a1 t2;
  INPUT ---       rlabel(3)=p g1 s1 t1;
  INPUT ---       rlabel(4)=p g1 s2 t1;
  INPUT ---       rlabel(5)=p g1 s3 t1;
  INPUT ---       rlabel(6)=p g1 s4 t1;
  INPUT ---       rlabel(7)=p g1 s5 t1;
  INPUT ---       rlabel(8)=Gamma'' g1 c1 a0 t1;

 Link Function Used is LOGIT        

 Variance Estimation Procedure Used is 2ndPart 

 M(t+1):
 Group=Group 1                                                                         
     960    179    487    811    611


 -2logL(saturated) = -20170.744    
 Effective Sample Size = 3104

 Number of function evaluations was 25 for 7 parameters.
 Time for numerical optimization was 0.06 seconds.

  Program  MARK  - Survival Rate Estimation with Capture-Recapture Data
   gfortran(Win64) Vers. 8.1 Mar 2016   10-Nov-2016 14:05:32    Page  004
 - - - - - - - - - - - - - - - - - - - - - - - - - - - - - - - - - - - - - -
 
 -2logL { S(~1)Gamma''(~1)Gamma'()p(~session)c() } = 10500.313     
 Penalty { S(~1)Gamma''(~1)Gamma'()p(~session)c() } = -0.0000000    
 Gradient { S(~1)Gamma''(~1)Gamma'()p(~session)c() }:
  0.7274667E-04  0.000000      0.000000      0.000000     0.1983962E-03
 -0.1147429E-03  0.000000    
 S Vector { S(~1)Gamma''(~1)Gamma'()p(~session)c() }:
   1076.994      271.5276      209.4577      109.8417      74.55461    
   19.92856     0.1241017E-04
 Time to compute number of parameters was 0.05 seconds.
   Threshold =  0.1600000E-06     Condition index =  0.1152297E-07     New Threshold =  0.3283422E-04
 New Guessimate of Estimated Parameters { S(~1)Gamma''(~1)Gamma'()p(~session)c() } = 6          
 Conditioned S Vector { S(~1)Gamma''(~1)Gamma'()p(~session)c() }:
   1.000000     0.2521163     0.1944836     0.1019892     0.6922474E-01
  0.1850388E-01 0.1152297E-07
 Number of Estimated Parameters { S(~1)Gamma''(~1)Gamma'()p(~session)c() } = 6          
 DEVIANCE { S(~1)Gamma''(~1)Gamma'()p(~session)c() } = 30671.058                     
 DEVIANCE Degrees of Freedom { S(~1)Gamma''(~1)Gamma'()p(~session)c() } = 176            
 c-hat { S(~1)Gamma''(~1)Gamma'()p(~session)c() } = 174.26737                     
 AIC { S(~1)Gamma''(~1)Gamma'()p(~session)c() } = 10512.313                  
 AICc { S(~1)Gamma''(~1)Gamma'()p(~session)c() } = 10512.340                    
 BIC { S(~1)Gamma''(~1)Gamma'()p(~session)c() } = 10548.556                    
 Pearson Chisquare { S(~1)Gamma''(~1)Gamma'()p(~session)c() } = 1383.7559                  
 Possible Encounter Histories { S(~1)Gamma''(~1)Gamma'()p(~session)c() } = 2047             
 Pearson Chisquare df { S(~1)Gamma''(~1)Gamma'()p(~session)c() } = 2040        
 Pearson chat { S(~1)Gamma''(~1)Gamma'()p(~session)c() } = 0.6783117                  
 Sum(Observed/Expected) { S(~1)Gamma''(~1)Gamma'()p(~session)c() } = 464.40272                  
 Fletcher chat { S(~1)Gamma''(~1)Gamma'()p(~session)c() } = 2.9898707                  


          LOGIT Link Function Parameters of { S(~1)Gamma''(~1)Gamma'()p(~session)c() }
                                                              95% Confidence Interval
 Parameter                    Beta         Standard Error      Lower           Upper
 -------------------------  --------------  --------------  --------------  --------------
    1:S:(Intercept)         1.5004434       0.1103671       1.2841239       1.7167629     
    2:GammaDoublePrime:(In  -0.1051869      0.0000000       -0.1051869      -0.1051869    
    3:p:(Intercept)         -0.9853721      0.0886488       -1.1591238      -0.8116204    
    4:p:session2            -1.8665232      0.1427656       -2.1463438      -1.5867026    
    5:p:session3            -0.8336934      0.1200991       -1.0690877      -0.5982992    
    6:p:session4            -0.5852745      0.1154346       -0.8115264      -0.3590227    
    7:p:session5            -1.3502646      0.1179464       -1.5814395      -1.1190897    


          Real Function Parameters of { S(~1)Gamma''(~1)Gamma'()p(~session)c() }
                                                               95% Confidence Interval
  Parameter                  Estimate       Standard Error      Lower           Upper
 --------------------------  --------------  --------------  --------------  --------------
     1:S g1 c1 a0 t1         0.8176406       0.0164562       0.7831509       0.8477114                           
     2:Gamma' g1 c1 a1 t2    0.4737275       0.0000000       0.4737275       0.4737275                           
     3:p g1 s1 t1            0.2718271       0.0175469       0.2388265       0.3075453                           
     4:p g1 s2 t1            0.0545834       0.0057749       0.0443095       0.0670724                           
     5:p g1 s3 t1            0.1395460       0.0097290       0.1215454       0.1597278                           
     6:p g1 s4 t1            0.1721242       0.0105357       0.1524438       0.1937645                           
     7:p g1 s5 t1            0.0882142       0.0062576       0.0766950       0.1012739                           
     8:Gamma'' g1 c1 a0 t1   0.0000000       0.0000000       0.0000000       0.0000000       Fixed               


                     Estimates of Derived Parameters
    Population Estimates of { S(~1)Gamma''(~1)Gamma'()p(~session)c() }
                                                95% Confidence Interval
 Grp. Sess.     N-hat        Standard Error      Lower           Upper
 ---- -----  --------------  --------------  --------------  --------------
   1     1   2043.5781       121.09810       1831.0142       2308.0164     
   1     2   1685.6974       210.32501       1326.5578       2157.2333     
   1     3   1875.8258       141.36309       1625.2271       2181.5979     
   1     4   2577.6988       161.37618       2288.6479       2923.2927     
   1     5   2527.4225       185.87729       2196.3434       2927.6433     

 Attempted ordering of parameters by estimatibility:
  3 6 7 5 1 4 2
 Beta number 2 is a singular value.

  Program  MARK  - Survival Rate Estimation with Capture-Recapture Data
   gfortran(Win64) Vers. 8.1 Mar 2016   10-Nov-2016 14:05:32    Page  005
 - - - - - - - - - - - - - - - - - - - - - - - - - - - - - - - - - - - - - -
 

     CPU Time in seconds for last procedure was 0.12


  INPUT --- proc stop;

     CPU Time in minutes for this job was 0.00

     Time Start = 14:05:32.165   Time End = 14:05:32.259

     Wall Clock Time in minutes for this job was 0.00


          E X E C U T I O N   S U C C E S S F U L 
