
   Program  MARK  - Survival Rate Estimation with Capture-Recapture Data
   gfortran(Win64) Vers. 8.1 Mar 2016   18-Oct-2017 13:50:33    Page  001
 - - - - - - - - - - - - - - - - - - - - - - - - - - - - - - - - - - - - - -
 
   This version was compiled by GCC version 5.3.0 using the options: 
     -cpp -iprefix c:\tdm-gcc-64\gcc\bin\../lib/gcc/x86_64-w64-mingw32/5.3.0/ -D_MT
     -U_REENTRANT -D IEEE -m64 -mtune=generic -march=x86-64 -mthreads -O2
     -fimplicit-none -fbounds-check -funroll-loops -ftree-vectorize
     -ffpe-summary=invalid,zero,overflow,underflow -fno-unsafe-math-optimizations
     -frounding-math -fsignaling-nans -fopenmp.

   This problem will use 7 of 8 possible threads.


  INPUT --- proc title ;

     CPU Time in seconds for last procedure was 0.00


  INPUT --- proc chmatrix occasions= 7 groups= 2 etype= Live ICMeans 
  INPUT --- NoHist hist= 55 ;

  INPUT ---    time  interval 1 1 1 1 1 1 ;

  INPUT ---    glabel(1)=sexFemale;

  INPUT ---    glabel(2)=sexMale;

   * *  WARNING  * *   At least a pair of the encounter histories are duplicates. 

      Number of unique encounter histories read was 32.

      Number of individual covariates read was 0.
      Time interval lengths are all equal to 1.

      Data type number is 1
      Data type is Live Recaptures (CJS)                                                                               

     CPU Time in seconds for last procedure was 0.00

  Program  MARK  - Survival Rate Estimation with Capture-Recapture Data
   gfortran(Win64) Vers. 8.1 Mar 2016   18-Oct-2017 13:50:33    Page  002
 - - - - - - - - - - - - - - - - - - - - - - - - - - - - - - - - - - - - - -
 


  INPUT --- proc estimate link=Logit NOLOOP varest=2ndPart    ;


  INPUT --- model={ Phi(~sex + time)p(~sex + time) };

  INPUT ---    group=1 Phi    rows=6 cols=6 Triang ;
  INPUT ---        1 2 3 4 5 6 ;
  INPUT ---        2 3 4 5 6 ;
  INPUT ---        3 4 5 6 ;
  INPUT ---        4 5 6 ;
  INPUT ---        5 6 ;
  INPUT ---        6 ;

  INPUT ---    group=2 Phi    rows=6 cols=6 Triang ;
  INPUT ---        7 8 9 10 11 12 ;
  INPUT ---        8 9 10 11 12 ;
  INPUT ---        9 10 11 12 ;
  INPUT ---        10 11 12 ;
  INPUT ---        11 12 ;
  INPUT ---        12 ;

  INPUT ---    group=1 p    rows=6 cols=6 Triang ;
  INPUT ---        13 14 15 16 17 18 ;
  INPUT ---        14 15 16 17 18 ;
  INPUT ---        15 16 17 18 ;
  INPUT ---        16 17 18 ;
  INPUT ---        17 18 ;
  INPUT ---        18 ;

  INPUT ---    group=2 p    rows=6 cols=6 Triang ;
  INPUT ---        19 20 21 22 23 24 ;
  INPUT ---        20 21 22 23 24 ;
  INPUT ---        21 22 23 24 ;
  INPUT ---        22 23 24 ;
  INPUT ---        23 24 ;
  INPUT ---        24 ;

  INPUT ---    design matrix constraints=24 covariates=14;
  INPUT ---        1 0 0 0 0 0 0 0 0 0 0 0 0 0;
  INPUT ---        1 0 1 0 0 0 0 0 0 0 0 0 0 0;
  INPUT ---        1 0 0 1 0 0 0 0 0 0 0 0 0 0;
  INPUT ---        1 0 0 0 1 0 0 0 0 0 0 0 0 0;
  INPUT ---        1 0 0 0 0 1 0 0 0 0 0 0 0 0;
  INPUT ---        1 0 0 0 0 0 1 0 0 0 0 0 0 0;

  Program  MARK  - Survival Rate Estimation with Capture-Recapture Data
   gfortran(Win64) Vers. 8.1 Mar 2016   18-Oct-2017 13:50:33    Page  003
 - - - - - - - - - - - - - - - - - - - - - - - - - - - - - - - - - - - - - -
 
  INPUT ---        1 1 0 0 0 0 0 0 0 0 0 0 0 0;
  INPUT ---        1 1 1 0 0 0 0 0 0 0 0 0 0 0;
  INPUT ---        1 1 0 1 0 0 0 0 0 0 0 0 0 0;
  INPUT ---        1 1 0 0 1 0 0 0 0 0 0 0 0 0;
  INPUT ---        1 1 0 0 0 1 0 0 0 0 0 0 0 0;
  INPUT ---        1 1 0 0 0 0 1 0 0 0 0 0 0 0;
  INPUT ---        0 0 0 0 0 0 0 1 0 0 0 0 0 0;
  INPUT ---        0 0 0 0 0 0 0 1 0 1 0 0 0 0;
  INPUT ---        0 0 0 0 0 0 0 1 0 0 1 0 0 0;
  INPUT ---        0 0 0 0 0 0 0 1 0 0 0 1 0 0;
  INPUT ---        0 0 0 0 0 0 0 1 0 0 0 0 1 0;
  INPUT ---        0 0 0 0 0 0 0 1 0 0 0 0 0 1;
  INPUT ---        0 0 0 0 0 0 0 1 1 0 0 0 0 0;
  INPUT ---        0 0 0 0 0 0 0 1 1 1 0 0 0 0;
  INPUT ---        0 0 0 0 0 0 0 1 1 0 1 0 0 0;
  INPUT ---        0 0 0 0 0 0 0 1 1 0 0 1 0 0;
  INPUT ---        0 0 0 0 0 0 0 1 1 0 0 0 1 0;
  INPUT ---        0 0 0 0 0 0 0 1 1 0 0 0 0 1;
  INPUT ---       blabel(1)=Phi:(Intercept);
  INPUT ---       blabel(2)=Phi:sexMale;
  INPUT ---       blabel(3)=Phi:time2;
  INPUT ---       blabel(4)=Phi:time3;
  INPUT ---       blabel(5)=Phi:time4;
  INPUT ---       blabel(6)=Phi:time5;
  INPUT ---       blabel(7)=Phi:time6;
  INPUT ---       blabel(8)=p:(Intercept);
  INPUT ---       blabel(9)=p:sexMale;
  INPUT ---       blabel(10)=p:time3;
  INPUT ---       blabel(11)=p:time4;
  INPUT ---       blabel(12)=p:time5;
  INPUT ---       blabel(13)=p:time6;
  INPUT ---       blabel(14)=p:time7;
  INPUT ---       rlabel(1)=Phi gFemale c1 a0 t1;
  INPUT ---       rlabel(2)=Phi gFemale c1 a1 t2;
  INPUT ---       rlabel(3)=Phi gFemale c1 a2 t3;
  INPUT ---       rlabel(4)=Phi gFemale c1 a3 t4;
  INPUT ---       rlabel(5)=Phi gFemale c1 a4 t5;
  INPUT ---       rlabel(6)=Phi gFemale c1 a5 t6;
  INPUT ---       rlabel(7)=Phi gMale c1 a0 t1;
  INPUT ---       rlabel(8)=Phi gMale c1 a1 t2;
  INPUT ---       rlabel(9)=Phi gMale c1 a2 t3;
  INPUT ---       rlabel(10)=Phi gMale c1 a3 t4;
  INPUT ---       rlabel(11)=Phi gMale c1 a4 t5;
  INPUT ---       rlabel(12)=Phi gMale c1 a5 t6;
  INPUT ---       rlabel(13)=p gFemale c1 a1 t2;
  INPUT ---       rlabel(14)=p gFemale c1 a2 t3;

  Program  MARK  - Survival Rate Estimation with Capture-Recapture Data
   gfortran(Win64) Vers. 8.1 Mar 2016   18-Oct-2017 13:50:33    Page  004
 - - - - - - - - - - - - - - - - - - - - - - - - - - - - - - - - - - - - - -
 
  INPUT ---       rlabel(15)=p gFemale c1 a3 t4;
  INPUT ---       rlabel(16)=p gFemale c1 a4 t5;
  INPUT ---       rlabel(17)=p gFemale c1 a5 t6;
  INPUT ---       rlabel(18)=p gFemale c1 a6 t7;
  INPUT ---       rlabel(19)=p gMale c1 a1 t2;
  INPUT ---       rlabel(20)=p gMale c1 a2 t3;
  INPUT ---       rlabel(21)=p gMale c1 a3 t4;
  INPUT ---       rlabel(22)=p gMale c1 a4 t5;
  INPUT ---       rlabel(23)=p gMale c1 a5 t6;
  INPUT ---       rlabel(24)=p gMale c1 a6 t7;

 Link Function Used is LOGIT        

 Variance Estimation Procedure Used is 2ndPart 
 -2logL(saturated) = 582.47711     
 Effective Sample Size = 426

 Number of function evaluations was 87 for 14 parameters.
 Time for numerical optimization was 0.05 seconds.
 -2logL { Phi(~sex + time)p(~sex + time) } = 655.54661     
 Penalty { Phi(~sex + time)p(~sex + time) } = -0.0000000    
 Gradient { Phi(~sex + time)p(~sex + time) }:
   0.000000    -0.1061964E-04  0.000000     0.5653422E-05-0.8063146E-05
  0.7461783E-05  0.000000      0.000000    -0.8060207E-05-0.4240638E-05
  0.4502993E-05  0.000000     0.8073054E-05 0.6645768E-05
 S Vector { Phi(~sex + time)p(~sex + time) }:
   120.4417      60.35437      19.56883      16.94953      16.17104    
   15.27552      7.726780      5.572021      2.344147      1.867756    
   1.098231     0.6068094     0.1811984     0.2611839E-06
 Time to compute number of parameters was 0.03 seconds.
   Threshold =  0.3000000E-06     Condition index =  0.2168550E-08     New Threshold =  0.9772608E-06
 New Guessimate of Estimated Parameters { Phi(~sex + time)p(~sex + time) } = 13          
 Conditioned S Vector { Phi(~sex + time)p(~sex + time) }:
   1.000000     0.5011084     0.1624755     0.1407281     0.1342644    
  0.1268291     0.6415367E-01 0.4626320E-01 0.1946292E-01 0.1550755E-01
  0.9118359E-02 0.5038199E-02 0.1504448E-02 0.2168550E-08
 Number of Estimated Parameters { Phi(~sex + time)p(~sex + time) } = 13          
 DEVIANCE { Phi(~sex + time)p(~sex + time) } = 73.069502                     
 DEVIANCE Degrees of Freedom { Phi(~sex + time)p(~sex + time) } = 28            
 c-hat { Phi(~sex + time)p(~sex + time) } = 2.6096251                     
 AIC { Phi(~sex + time)p(~sex + time) } = 681.54661                  
 AICc { Phi(~sex + time)p(~sex + time) } = 682.43011                    
 BIC { Phi(~sex + time)p(~sex + time) } = 734.25432                    
 Pearson Chisquare { Phi(~sex + time)p(~sex + time) } = 203.12007                  
 Possible Encounter Histories { Phi(~sex + time)p(~sex + time) } = 252             
 Pearson Chisquare df { Phi(~sex + time)p(~sex + time) } = 227        
 Pearson chat { Phi(~sex + time)p(~sex + time) } = 0.8948021                  
 Sum(Observed/Expected) { Phi(~sex + time)p(~sex + time) } = 236.36063                  
 Fletcher chat { Phi(~sex + time)p(~sex + time) } = 0.9540088                  


              LOGIT Link Function Parameters of { Phi(~sex + time)p(~sex + time) }
                                                              95% Confidence Interval
 Parameter                    Beta         Standard Error      Lower           Upper
 -------------------------  --------------  --------------  --------------  --------------
    1:Phi:(Intercept)       0.9580517       0.7648350       -0.5410250      2.4571284     
    2:Phi:sexMale           -0.0705341      0.2268689       -0.5151971      0.3741289     
    3:Phi:time2             -1.1872537      0.8538550       -2.8608095      0.4863021     
    4:Phi:time3             -1.0109385      0.7895571       -2.5584705      0.5365934     
    5:Phi:time4             -0.4099563      0.7933772       -1.9649758      1.1450631     
    6:Phi:time5             -0.5235882      0.7870733       -2.0662519      1.0190755     
    7:Phi:time6             11.004083       1956.7114       -3824.1503      3846.1585     

  Program  MARK  - Survival Rate Estimation with Capture-Recapture Data
   gfortran(Win64) Vers. 8.1 Mar 2016   18-Oct-2017 13:50:33    Page  005
 - - - - - - - - - - - - - - - - - - - - - - - - - - - - - - - - - - - - - -
 
    8:p:(Intercept)         0.6346903       0.7990651       -0.9314773      2.2008579     
    9:p:sexMale             0.4104704       0.3528251       -0.2810667      1.1020076     
   10:p:time3               1.6808899       1.2931782       -0.8537395      4.2155193     
   11:p:time4               1.5246947       1.0743616       -0.5810541      3.6304436     
   12:p:time5               1.3950014       0.9901117       -0.5456175      3.3356203     
   13:p:time6               1.8164517       1.0692379       -0.2792547      3.9121581     
   14:p:time7               -0.7106651      0.8126018       -2.3033646      0.8820344     


              Real Function Parameters of { Phi(~sex + time)p(~sex + time) }
                                                               95% Confidence Interval
  Parameter                  Estimate       Standard Error      Lower           Upper
 --------------------------  --------------  --------------  --------------  --------------
     1:Phi gFemale c1 a0 t1  0.7227315       0.1532658       0.3679492       0.9210812                           
     2:Phi gFemale c1 a1 t2  0.4429490       0.0732105       0.3077320       0.5871848                           
     3:Phi gFemale c1 a2 t3  0.4867814       0.0654953       0.3619919       0.6132408                           
     4:Phi gFemale c1 a3 t4  0.6336936       0.0641708       0.5015643       0.7483692                           
     5:Phi gFemale c1 a4 t5  0.6069390       0.0623083       0.4806471       0.7203860                           
     6:Phi gFemale c1 a5 t6  0.9999936       0.0124863       0.1545082E-298  1.0000000                           
     7:Phi gMale c1 a0 t1    0.7083776       0.1562081       0.3555869       0.9144800                           
     8:Phi gMale c1 a1 t2    0.4256220       0.0753519       0.2882572       0.5755157                           
     9:Phi gMale c1 a2 t3    0.4691839       0.0668768       0.3430494       0.5993824                           
    10:Phi gMale c1 a3 t4    0.6171718       0.0656377       0.4832711       0.7353743                           
    11:Phi gMale c1 a4 t5    0.5899913       0.0620798       0.4652884       0.7041063                           
    12:Phi gMale c1 a5 t6    0.9999932       0.0133988       0.1439856E-298  1.0000000                           
    13:p gFemale c1 a1 t2    0.6535522       0.1809257       0.2826251       0.9003265                           
    14:p gFemale c1 a2 t3    0.9101592       0.0845323       0.5718384       0.9871541                           
    15:p gFemale c1 a3 t4    0.8965425       0.0693643       0.6667756       0.9740460                           
    16:p gFemale c1 a4 t5    0.8838794       0.0634027       0.6940075       0.9623288                           
    17:p gFemale c1 a5 t6    0.9206449       0.0541193       0.7309066       0.9802190                           
    18:p gFemale c1 a6 t7    0.4810154       0.0664474       0.3548759       0.6096223                           
    19:p gMale c1 a1 t2      0.7398445       0.1564894       0.3662366       0.9333122                           
    20:p gMale c1 a2 t3      0.9385464       0.0605049       0.6614926       0.9916916                           
    21:p gMale c1 a3 t4      0.9288962       0.0502018       0.7465130       0.9830370                           
    22:p gMale c1 a4 t5      0.9198390       0.0471731       0.7660650       0.9757337                           
    23:p gMale c1 a5 t6      0.9459158       0.0385533       0.7997229       0.9871142                           
    24:p gMale c1 a6 t7      0.5828528       0.0669030       0.4489701       0.7055408                           

 Attempted ordering of parameters by estimatibility:
   1  8  2  6  4  5  9 14 12 13 11  3 10  7
 Beta number 7 is a singular value.

     CPU Time in seconds for last procedure was 0.09

  Program  MARK  - Survival Rate Estimation with Capture-Recapture Data
   gfortran(Win64) Vers. 8.1 Mar 2016   18-Oct-2017 13:50:33    Page  006
 - - - - - - - - - - - - - - - - - - - - - - - - - - - - - - - - - - - - - -
 


  INPUT --- proc stop;

   * *  WARNING  * *   Numerical underflow occurred during final processing of this model. 
     IEEE flag status at final processing of this model:
     overflow       F
     divide by zero F
     invalid        F
     underflow      T
     inexact        T


     CPU Time in minutes for this job was 0.00

     Time Start = 13:50:33.299   Time End = 13:50:33.408

     Wall Clock Time in minutes for this job was 0.00


          E X E C U T I O N   S U C C E S S F U L 
