
   Program  MARK  - Survival Rate Estimation with Capture-Recapture Data
   gfortran(Win64) Vers. 8.1 Mar 2016   18-Oct-2017 13:50:33    Page  001
 - - - - - - - - - - - - - - - - - - - - - - - - - - - - - - - - - - - - - -
 
   This version was compiled by GCC version 5.3.0 using the options: 
     -cpp -iprefix c:\tdm-gcc-64\gcc\bin\../lib/gcc/x86_64-w64-mingw32/5.3.0/ -D_MT
     -U_REENTRANT -D IEEE -m64 -mtune=generic -march=x86-64 -mthreads -O2
     -fimplicit-none -fbounds-check -funroll-loops -ftree-vectorize
     -ffpe-summary=invalid,zero,overflow,underflow -fno-unsafe-math-optimizations
     -frounding-math -fsignaling-nans -fopenmp.

   This problem will use 7 of 8 possible threads.


  INPUT --- proc title ;

     CPU Time in seconds for last procedure was 0.00


  INPUT --- proc chmatrix occasions= 7 groups= 2 etype= Live ICMeans 
  INPUT --- NoHist hist= 55 ;

  INPUT ---    time  interval 1 1 1 1 1 1 ;

  INPUT ---    glabel(1)=sexFemale;

  INPUT ---    glabel(2)=sexMale;

   * *  WARNING  * *   At least a pair of the encounter histories are duplicates. 

      Number of unique encounter histories read was 32.

      Number of individual covariates read was 0.
      Time interval lengths are all equal to 1.

      Data type number is 1
      Data type is Live Recaptures (CJS)                                                                               

     CPU Time in seconds for last procedure was 0.00

  Program  MARK  - Survival Rate Estimation with Capture-Recapture Data
   gfortran(Win64) Vers. 8.1 Mar 2016   18-Oct-2017 13:50:33    Page  002
 - - - - - - - - - - - - - - - - - - - - - - - - - - - - - - - - - - - - - -
 


  INPUT --- proc estimate link=Logit NOLOOP varest=2ndPart    ;


  INPUT --- model={ Phi(~sex * time)p(~sex * time) };

  INPUT ---    group=1 Phi    rows=6 cols=6 Triang ;
  INPUT ---        1 2 3 4 5 6 ;
  INPUT ---        2 3 4 5 6 ;
  INPUT ---        3 4 5 6 ;
  INPUT ---        4 5 6 ;
  INPUT ---        5 6 ;
  INPUT ---        6 ;

  INPUT ---    group=2 Phi    rows=6 cols=6 Triang ;
  INPUT ---        7 8 9 10 11 12 ;
  INPUT ---        8 9 10 11 12 ;
  INPUT ---        9 10 11 12 ;
  INPUT ---        10 11 12 ;
  INPUT ---        11 12 ;
  INPUT ---        12 ;

  INPUT ---    group=1 p    rows=6 cols=6 Triang ;
  INPUT ---        13 14 15 16 17 18 ;
  INPUT ---        14 15 16 17 18 ;
  INPUT ---        15 16 17 18 ;
  INPUT ---        16 17 18 ;
  INPUT ---        17 18 ;
  INPUT ---        18 ;

  INPUT ---    group=2 p    rows=6 cols=6 Triang ;
  INPUT ---        19 20 21 22 23 24 ;
  INPUT ---        20 21 22 23 24 ;
  INPUT ---        21 22 23 24 ;
  INPUT ---        22 23 24 ;
  INPUT ---        23 24 ;
  INPUT ---        24 ;

  INPUT ---    design matrix constraints=24 covariates=24;
  INPUT ---        1 0 0 0 0 0 0 0 0 0 0 0 0 0 0 0 0 0 0 0 0 0 0 0;
  INPUT ---        1 0 1 0 0 0 0 0 0 0 0 0 0 0 0 0 0 0 0 0 0 0 0 0;
  INPUT ---        1 0 0 1 0 0 0 0 0 0 0 0 0 0 0 0 0 0 0 0 0 0 0 0;
  INPUT ---        1 0 0 0 1 0 0 0 0 0 0 0 0 0 0 0 0 0 0 0 0 0 0 0;
  INPUT ---        1 0 0 0 0 1 0 0 0 0 0 0 0 0 0 0 0 0 0 0 0 0 0 0;
  INPUT ---        1 0 0 0 0 0 1 0 0 0 0 0 0 0 0 0 0 0 0 0 0 0 0 0;

  Program  MARK  - Survival Rate Estimation with Capture-Recapture Data
   gfortran(Win64) Vers. 8.1 Mar 2016   18-Oct-2017 13:50:33    Page  003
 - - - - - - - - - - - - - - - - - - - - - - - - - - - - - - - - - - - - - -
 
  INPUT ---        1 1 0 0 0 0 0 0 0 0 0 0 0 0 0 0 0 0 0 0 0 0 0 0;
  INPUT ---        1 1 1 0 0 0 0 1 0 0 0 0 0 0 0 0 0 0 0 0 0 0 0 0;
  INPUT ---        1 1 0 1 0 0 0 0 1 0 0 0 0 0 0 0 0 0 0 0 0 0 0 0;
  INPUT ---        1 1 0 0 1 0 0 0 0 1 0 0 0 0 0 0 0 0 0 0 0 0 0 0;
  INPUT ---        1 1 0 0 0 1 0 0 0 0 1 0 0 0 0 0 0 0 0 0 0 0 0 0;
  INPUT ---        1 1 0 0 0 0 1 0 0 0 0 1 0 0 0 0 0 0 0 0 0 0 0 0;
  INPUT ---        0 0 0 0 0 0 0 0 0 0 0 0 1 0 0 0 0 0 0 0 0 0 0 0;
  INPUT ---        0 0 0 0 0 0 0 0 0 0 0 0 1 0 1 0 0 0 0 0 0 0 0 0;
  INPUT ---        0 0 0 0 0 0 0 0 0 0 0 0 1 0 0 1 0 0 0 0 0 0 0 0;
  INPUT ---        0 0 0 0 0 0 0 0 0 0 0 0 1 0 0 0 1 0 0 0 0 0 0 0;
  INPUT ---        0 0 0 0 0 0 0 0 0 0 0 0 1 0 0 0 0 1 0 0 0 0 0 0;
  INPUT ---        0 0 0 0 0 0 0 0 0 0 0 0 1 0 0 0 0 0 1 0 0 0 0 0;
  INPUT ---        0 0 0 0 0 0 0 0 0 0 0 0 1 1 0 0 0 0 0 0 0 0 0 0;
  INPUT ---        0 0 0 0 0 0 0 0 0 0 0 0 1 1 1 0 0 0 0 1 0 0 0 0;
  INPUT ---        0 0 0 0 0 0 0 0 0 0 0 0 1 1 0 1 0 0 0 0 1 0 0 0;
  INPUT ---        0 0 0 0 0 0 0 0 0 0 0 0 1 1 0 0 1 0 0 0 0 1 0 0;
  INPUT ---        0 0 0 0 0 0 0 0 0 0 0 0 1 1 0 0 0 1 0 0 0 0 1 0;
  INPUT ---        0 0 0 0 0 0 0 0 0 0 0 0 1 1 0 0 0 0 1 0 0 0 0 1;
  INPUT ---       blabel(1)=Phi:(Intercept);
  INPUT ---       blabel(2)=Phi:sexMale;
  INPUT ---       blabel(3)=Phi:time2;
  INPUT ---       blabel(4)=Phi:time3;
  INPUT ---       blabel(5)=Phi:time4;
  INPUT ---       blabel(6)=Phi:time5;
  INPUT ---       blabel(7)=Phi:time6;
  INPUT ---       blabel(8)=Phi:sexMale:time2;
  INPUT ---       blabel(9)=Phi:sexMale:time3;
  INPUT ---       blabel(10)=Phi:sexMale:time4;
  INPUT ---       blabel(11)=Phi:sexMale:time5;
  INPUT ---       blabel(12)=Phi:sexMale:time6;
  INPUT ---       blabel(13)=p:(Intercept);
  INPUT ---       blabel(14)=p:sexMale;
  INPUT ---       blabel(15)=p:time3;
  INPUT ---       blabel(16)=p:time4;
  INPUT ---       blabel(17)=p:time5;
  INPUT ---       blabel(18)=p:time6;
  INPUT ---       blabel(19)=p:time7;
  INPUT ---       blabel(20)=p:sexMale:time3;
  INPUT ---       blabel(21)=p:sexMale:time4;
  INPUT ---       blabel(22)=p:sexMale:time5;
  INPUT ---       blabel(23)=p:sexMale:time6;
  INPUT ---       blabel(24)=p:sexMale:time7;
  INPUT ---       rlabel(1)=Phi gFemale c1 a0 t1;
  INPUT ---       rlabel(2)=Phi gFemale c1 a1 t2;
  INPUT ---       rlabel(3)=Phi gFemale c1 a2 t3;
  INPUT ---       rlabel(4)=Phi gFemale c1 a3 t4;

  Program  MARK  - Survival Rate Estimation with Capture-Recapture Data
   gfortran(Win64) Vers. 8.1 Mar 2016   18-Oct-2017 13:50:33    Page  004
 - - - - - - - - - - - - - - - - - - - - - - - - - - - - - - - - - - - - - -
 
  INPUT ---       rlabel(5)=Phi gFemale c1 a4 t5;
  INPUT ---       rlabel(6)=Phi gFemale c1 a5 t6;
  INPUT ---       rlabel(7)=Phi gMale c1 a0 t1;
  INPUT ---       rlabel(8)=Phi gMale c1 a1 t2;
  INPUT ---       rlabel(9)=Phi gMale c1 a2 t3;
  INPUT ---       rlabel(10)=Phi gMale c1 a3 t4;
  INPUT ---       rlabel(11)=Phi gMale c1 a4 t5;
  INPUT ---       rlabel(12)=Phi gMale c1 a5 t6;
  INPUT ---       rlabel(13)=p gFemale c1 a1 t2;
  INPUT ---       rlabel(14)=p gFemale c1 a2 t3;
  INPUT ---       rlabel(15)=p gFemale c1 a3 t4;
  INPUT ---       rlabel(16)=p gFemale c1 a4 t5;
  INPUT ---       rlabel(17)=p gFemale c1 a5 t6;
  INPUT ---       rlabel(18)=p gFemale c1 a6 t7;
  INPUT ---       rlabel(19)=p gMale c1 a1 t2;
  INPUT ---       rlabel(20)=p gMale c1 a2 t3;
  INPUT ---       rlabel(21)=p gMale c1 a3 t4;
  INPUT ---       rlabel(22)=p gMale c1 a4 t5;
  INPUT ---       rlabel(23)=p gMale c1 a5 t6;
  INPUT ---       rlabel(24)=p gMale c1 a6 t7;

 Link Function Used is LOGIT        

 Variance Estimation Procedure Used is 2ndPart 
 -2logL(saturated) = 582.47711     
 Effective Sample Size = 426

 Number of function evaluations was 86 for 24 parameters.
 Time for numerical optimization was 0.37 seconds.
 -2logL { Phi(~sex * time)p(~sex * time) } = 653.95109     
 Penalty { Phi(~sex * time)p(~sex * time) } = -0.0000000    
 Gradient { Phi(~sex * time)p(~sex * time) }:
  0.1103292E-04  0.000000     0.9997490E-05-0.1012284E-04 0.7662600E-05
  0.7396554E-05 0.3816117E-05 0.1004984E-04  0.000000      0.000000    
 -0.1124824E-04 0.6632509E-05 0.6601520E-05  0.000000      0.000000    
  0.1700910E-04 0.5031122E-05-0.8006863E-05 0.1994172E-04-0.7451423E-06
  0.8745380E-05 0.8380987E-05  0.000000      0.000000    
 S Vector { Phi(~sex * time)p(~sex * time) }:
   130.1183      52.09790      25.64623      22.15488      19.84235    
   18.87028      8.877542      7.544774      3.743895      3.287816    
   3.098682      2.726648      2.432227      1.361686     0.9691555    
  0.7371252     0.4456185     0.3557924     0.2610706     0.1158804    
  0.3524542E-01 0.7418686E-05 0.5730166E-06 0.4866874E-06
 Time to compute number of parameters was 0.11 seconds.
   Threshold =  0.5000000E-06     Condition index =  0.3740345E-08     New Threshold =  0.2384272E-05

  Program  MARK  - Survival Rate Estimation with Capture-Recapture Data
   gfortran(Win64) Vers. 8.1 Mar 2016   18-Oct-2017 13:50:34    Page  005
 - - - - - - - - - - - - - - - - - - - - - - - - - - - - - - - - - - - - - -
 
 New Guessimate of Estimated Parameters { Phi(~sex * time)p(~sex * time) } = 21          
 Conditioned S Vector { Phi(~sex * time)p(~sex * time) }:
   1.000000     0.4003887     0.1970994     0.1702672     0.1524947    
  0.1450241     0.6822670E-01 0.5798396E-01 0.2877301E-01 0.2526790E-01
  0.2381434E-01 0.2095514E-01 0.1869243E-01 0.1046498E-01 0.7448264E-02
  0.5665038E-02 0.3424718E-02 0.2734376E-02 0.2006410E-02 0.8905773E-03
  0.2708721E-03 0.5701493E-07 0.4403812E-08 0.3740345E-08
 Number of Estimated Parameters { Phi(~sex * time)p(~sex * time) } = 21          
 DEVIANCE { Phi(~sex * time)p(~sex * time) } = 71.473974                     
 DEVIANCE Degrees of Freedom { Phi(~sex * time)p(~sex * time) } = 20            
 c-hat { Phi(~sex * time)p(~sex * time) } = 3.5736987                     
 AIC { Phi(~sex * time)p(~sex * time) } = 695.95109                  
 AICc { Phi(~sex * time)p(~sex * time) } = 698.23821                    
 BIC { Phi(~sex * time)p(~sex * time) } = 781.09431                    
 Pearson Chisquare { Phi(~sex * time)p(~sex * time) } = 173.17979                  
 Possible Encounter Histories { Phi(~sex * time)p(~sex * time) } = 252             
 Pearson Chisquare df { Phi(~sex * time)p(~sex * time) } = 219        
 Pearson chat { Phi(~sex * time)p(~sex * time) } = 0.7907753                  
 Sum(Observed/Expected) { Phi(~sex * time)p(~sex * time) } = 207.13196                  
 Fletcher chat { Phi(~sex * time)p(~sex * time) } = 0.9620697                  


              LOGIT Link Function Parameters of { Phi(~sex * time)p(~sex * time) }
                                                              95% Confidence Interval
 Parameter                    Beta         Standard Error      Lower           Upper
 -------------------------  --------------  --------------  --------------  --------------
    1:Phi:(Intercept)       1.0608659       1.2418135       -1.3730886      3.4948204     
    2:Phi:sexMale           -0.2279449      1.5760608       -3.3170241      2.8611342     
    3:Phi:time2             -1.2743077      1.3759818       -3.9712320      1.4226167     
    4:Phi:time3             -1.2461448      1.2846422       -3.7640436      1.2717539     
    5:Phi:time4             -0.4836589      1.2933431       -3.0186114      2.0512937     
    6:Phi:time5             -0.5370245      1.2893704       -3.0641905      1.9901416     
    7:Phi:time6             1.9791233       1296.5682       -2539.2946      2543.2529     
    8:Phi:sexMale:time2     0.1312307       1.7782876       -3.3542130      3.6166744     
    9:Phi:sexMale:time3     0.4343761       1.6476277       -2.7949743      3.6637265     
   10:Phi:sexMale:time4     0.0955351       1.6548900       -3.1480493      3.3391196     
   11:Phi:sexMale:time5     -0.0107074      1.6446618       -3.2342445      3.2128297     
   12:Phi:sexMale:time6     -0.7140850      639.42659       -1253.9902      1252.5621     
   13:p:(Intercept)         0.7221312       1.1144181       -1.4621283      2.9063906     
   14:p:sexMale             0.2094227       1.5687201       -2.8652688      3.2841141     
   15:p:time3               1.0937238       1.5311785       -1.9073860      4.0948337     
   16:p:time4               1.6735532       1.5208817       -1.3073750      4.6544814     
   17:p:time5               1.2596715       1.3411910       -1.3690629      3.8884058     
   18:p:time6               1.8397349       1.5167663       -1.1331271      4.8125970     
   19:p:time7               -0.7102861      119.09335       -234.13325      232.71268     
   20:p:sexMale:time3       14.257063       1341.8572       -2615.7830      2644.2972     
   21:p:sexMale:time4       -0.2999645      2.1467769       -4.5076474      3.9077183     
   22:p:sexMale:time5       0.3564851       2.0196471       -3.6020233      4.3149935     
   23:p:sexMale:time6       -0.0914151      2.1387480       -4.2833612      4.1005311     
   24:p:sexMale:time7       0.4194337       173.01963       -338.69905      339.53792     


              Real Function Parameters of { Phi(~sex * time)p(~sex * time) }
                                                               95% Confidence Interval
  Parameter                  Estimate       Standard Error      Lower           Upper
 --------------------------  --------------  --------------  --------------  --------------
     1:Phi gFemale c1 a0 t1  0.7428560       0.2372124       0.2021213       0.9705400                           
     2:Phi gFemale c1 a1 t2  0.4468412       0.0982826       0.2703620       0.6378173                           
     3:Phi gFemale c1 a2 t3  0.4538123       0.0815350       0.3036420       0.6128853                           
     4:Phi gFemale c1 a3 t4  0.6404245       0.0832335       0.4672417       0.7834075                           

  Program  MARK  - Survival Rate Estimation with Capture-Recapture Data
   gfortran(Win64) Vers. 8.1 Mar 2016   18-Oct-2017 13:50:34    Page  006
 - - - - - - - - - - - - - - - - - - - - - - - - - - - - - - - - - - - - - -
 
     5:Phi gFemale c1 a4 t5  0.6280456       0.0810515       0.4610288       0.7692151                           
     6:Phi gFemale c1 a5 t6  0.9543484       56.488421       0.2061167E-302  1.0000000                           
     7:Phi gMale c1 a0 t1    0.6969722       0.2049812       0.2555268       0.9390716                           
     8:Phi gMale c1 a1 t2    0.4230767       0.0968905       0.2519587       0.6148821                           
     9:Phi gMale c1 a2 t3    0.5052879       0.0874934       0.3396458       0.6697772                           
    10:Phi gMale c1 a3 t4    0.6094015       0.0838411       0.4389147       0.7567903                           
    11:Phi gMale c1 a4 t5    0.5708179       0.0776952       0.4166816       0.7123426                           
    12:Phi gMale c1 a5 t6    0.8907047       83.789553       0.8035166E-303  1.0000000                           
    13:p gFemale c1 a1 t2    0.6730761       0.2452217       0.1881420       0.9481614                           
    14:p gFemale c1 a2 t3    0.8600680       0.1263737       0.4397374       0.9796465                           
    15:p gFemale c1 a3 t4    0.9164976       0.0792061       0.5907677       0.9881585                           
    16:p gFemale c1 a4 t5    0.8788732       0.0794407       0.6269556       0.9690645                           
    17:p gFemale c1 a5 t6    0.9283667       0.0684257       0.6330140       0.9898348                           
    18:p gFemale c1 a6 t7    0.5029612       29.770697       0.4327852E-101  1.0000000                           
    19:p gMale c1 a1 t2      0.7173904       0.2238499       0.2257421       0.9567117                           
    20:p gMale c1 a2 t3      0.9999999       0.1138610E-003  0.1161966E-296  1.0000000                           
    21:p gMale c1 a3 t4      0.9093020       0.0855744       0.5674387       0.9871170                           
    22:p gMale c1 a4 t5      0.9274195       0.0693433       0.6291512       0.9897161                           
    23:p gMale c1 a5 t6      0.9358285       0.0616788       0.6607924       0.9909232                           
    24:p gMale c1 a6 t7      0.6549120       61.608276       0.1722790E-231  1.0000000                           

 Attempted ordering of parameters by estimatibility:
   1 13  2  6  5  4 14 19 11 10  9 17 18 24 16  3 15 22 23  8 21 12 20  7
 Beta number 7 is a singular value.

     CPU Time in seconds for last procedure was 0.48

  Program  MARK  - Survival Rate Estimation with Capture-Recapture Data
   gfortran(Win64) Vers. 8.1 Mar 2016   18-Oct-2017 13:50:34    Page  007
 - - - - - - - - - - - - - - - - - - - - - - - - - - - - - - - - - - - - - -
 


  INPUT --- proc stop;

   * *  WARNING  * *   Numerical underflow occurred during final processing of this model. 
     IEEE flag status at final processing of this model:
     overflow       F
     divide by zero F
     invalid        F
     underflow      T
     inexact        T


     CPU Time in minutes for this job was 0.01

     Time Start = 13:50:33.850   Time End = 13:50:34.086

     Wall Clock Time in minutes for this job was 0.00


          E X E C U T I O N   S U C C E S S F U L 
