
   Program  MARK  - Survival Rate Estimation with Capture-Recapture Data
   gfortran(Win64) Vers. 8.1 Mar 2016   18-Oct-2017 13:50:32    Page  001
 - - - - - - - - - - - - - - - - - - - - - - - - - - - - - - - - - - - - - -
 
   This version was compiled by GCC version 5.3.0 using the options: 
     -cpp -iprefix c:\tdm-gcc-64\gcc\bin\../lib/gcc/x86_64-w64-mingw32/5.3.0/ -D_MT
     -U_REENTRANT -D IEEE -m64 -mtune=generic -march=x86-64 -mthreads -O2
     -fimplicit-none -fbounds-check -funroll-loops -ftree-vectorize
     -ffpe-summary=invalid,zero,overflow,underflow -fno-unsafe-math-optimizations
     -frounding-math -fsignaling-nans -fopenmp.

   This problem will use 7 of 8 possible threads.


  INPUT --- proc title ;

     CPU Time in seconds for last procedure was 0.00


  INPUT --- proc chmatrix occasions= 7 groups= 2 etype= Live ICMeans 
  INPUT --- NoHist hist= 55 ;

  INPUT ---    time  interval 1 1 1 1 1 1 ;

  INPUT ---    glabel(1)=sexFemale;

  INPUT ---    glabel(2)=sexMale;

   * *  WARNING  * *   At least a pair of the encounter histories are duplicates. 

      Number of unique encounter histories read was 32.

      Number of individual covariates read was 0.
      Time interval lengths are all equal to 1.

      Data type number is 1
      Data type is Live Recaptures (CJS)                                                                               

     CPU Time in seconds for last procedure was 0.02

  Program  MARK  - Survival Rate Estimation with Capture-Recapture Data
   gfortran(Win64) Vers. 8.1 Mar 2016   18-Oct-2017 13:50:32    Page  002
 - - - - - - - - - - - - - - - - - - - - - - - - - - - - - - - - - - - - - -
 


  INPUT --- proc estimate link=Logit NOLOOP varest=2ndPart    ;


  INPUT --- model={ Phi(~sex)p(~sex * time) };

  INPUT ---    group=1 Phi    rows=6 cols=6 Triang ;
  INPUT ---        1 1 1 1 1 1 ;
  INPUT ---        1 1 1 1 1 ;
  INPUT ---        1 1 1 1 ;
  INPUT ---        1 1 1 ;
  INPUT ---        1 1 ;
  INPUT ---        1 ;

  INPUT ---    group=2 Phi    rows=6 cols=6 Triang ;
  INPUT ---        2 2 2 2 2 2 ;
  INPUT ---        2 2 2 2 2 ;
  INPUT ---        2 2 2 2 ;
  INPUT ---        2 2 2 ;
  INPUT ---        2 2 ;
  INPUT ---        2 ;

  INPUT ---    group=1 p    rows=6 cols=6 Triang ;
  INPUT ---        3 4 5 6 7 8 ;
  INPUT ---        4 5 6 7 8 ;
  INPUT ---        5 6 7 8 ;
  INPUT ---        6 7 8 ;
  INPUT ---        7 8 ;
  INPUT ---        8 ;

  INPUT ---    group=2 p    rows=6 cols=6 Triang ;
  INPUT ---        9 10 11 12 13 14 ;
  INPUT ---        10 11 12 13 14 ;
  INPUT ---        11 12 13 14 ;
  INPUT ---        12 13 14 ;
  INPUT ---        13 14 ;
  INPUT ---        14 ;

  INPUT ---    design matrix constraints=14 covariates=14;
  INPUT ---        1 0 0 0 0 0 0 0 0 0 0 0 0 0;
  INPUT ---        1 1 0 0 0 0 0 0 0 0 0 0 0 0;
  INPUT ---        0 0 1 0 0 0 0 0 0 0 0 0 0 0;
  INPUT ---        0 0 1 0 1 0 0 0 0 0 0 0 0 0;
  INPUT ---        0 0 1 0 0 1 0 0 0 0 0 0 0 0;
  INPUT ---        0 0 1 0 0 0 1 0 0 0 0 0 0 0;

  Program  MARK  - Survival Rate Estimation with Capture-Recapture Data
   gfortran(Win64) Vers. 8.1 Mar 2016   18-Oct-2017 13:50:32    Page  003
 - - - - - - - - - - - - - - - - - - - - - - - - - - - - - - - - - - - - - -
 
  INPUT ---        0 0 1 0 0 0 0 1 0 0 0 0 0 0;
  INPUT ---        0 0 1 0 0 0 0 0 1 0 0 0 0 0;
  INPUT ---        0 0 1 1 0 0 0 0 0 0 0 0 0 0;
  INPUT ---        0 0 1 1 1 0 0 0 0 1 0 0 0 0;
  INPUT ---        0 0 1 1 0 1 0 0 0 0 1 0 0 0;
  INPUT ---        0 0 1 1 0 0 1 0 0 0 0 1 0 0;
  INPUT ---        0 0 1 1 0 0 0 1 0 0 0 0 1 0;
  INPUT ---        0 0 1 1 0 0 0 0 1 0 0 0 0 1;
  INPUT ---       blabel(1)=Phi:(Intercept);
  INPUT ---       blabel(2)=Phi:sexMale;
  INPUT ---       blabel(3)=p:(Intercept);
  INPUT ---       blabel(4)=p:sexMale;
  INPUT ---       blabel(5)=p:time3;
  INPUT ---       blabel(6)=p:time4;
  INPUT ---       blabel(7)=p:time5;
  INPUT ---       blabel(8)=p:time6;
  INPUT ---       blabel(9)=p:time7;
  INPUT ---       blabel(10)=p:sexMale:time3;
  INPUT ---       blabel(11)=p:sexMale:time4;
  INPUT ---       blabel(12)=p:sexMale:time5;
  INPUT ---       blabel(13)=p:sexMale:time6;
  INPUT ---       blabel(14)=p:sexMale:time7;
  INPUT ---       rlabel(1)=Phi gFemale c1 a0 t1;
  INPUT ---       rlabel(2)=Phi gMale c1 a0 t1;
  INPUT ---       rlabel(3)=p gFemale c1 a1 t2;
  INPUT ---       rlabel(4)=p gFemale c1 a2 t3;
  INPUT ---       rlabel(5)=p gFemale c1 a3 t4;
  INPUT ---       rlabel(6)=p gFemale c1 a4 t5;
  INPUT ---       rlabel(7)=p gFemale c1 a5 t6;
  INPUT ---       rlabel(8)=p gFemale c1 a6 t7;
  INPUT ---       rlabel(9)=p gMale c1 a1 t2;
  INPUT ---       rlabel(10)=p gMale c1 a2 t3;
  INPUT ---       rlabel(11)=p gMale c1 a3 t4;
  INPUT ---       rlabel(12)=p gMale c1 a4 t5;
  INPUT ---       rlabel(13)=p gMale c1 a5 t6;
  INPUT ---       rlabel(14)=p gMale c1 a6 t7;

 Link Function Used is LOGIT        

 Variance Estimation Procedure Used is 2ndPart 
 -2logL(saturated) = 582.47711     
 Effective Sample Size = 426

 Number of function evaluations was 63 for 14 parameters.
 Time for numerical optimization was 0.06 seconds.

  Program  MARK  - Survival Rate Estimation with Capture-Recapture Data
   gfortran(Win64) Vers. 8.1 Mar 2016   18-Oct-2017 13:50:32    Page  004
 - - - - - - - - - - - - - - - - - - - - - - - - - - - - - - - - - - - - - -
 
 -2logL { Phi(~sex)p(~sex * time) } = 662.24967     
 Penalty { Phi(~sex)p(~sex * time) } = -0.0000000    
 Gradient { Phi(~sex)p(~sex * time) }:
   0.000000    -0.1128483E-04-0.5154731E-05  0.000000      0.000000    
 -0.7025955E-05-0.6193455E-05-0.8796225E-05-0.1359047E-04-0.4886745E-06
   0.000000    -0.1595195E-04-0.8828731E-05-0.7131449E-06
 S Vector { Phi(~sex)p(~sex * time) }:
   137.2944      20.82568      13.30558      3.373920      2.727913    
   2.351744      1.257876     0.8326491     0.5313630     0.4013518    
  0.3482867     0.6606556E-01 0.1640273E-06 0.3500878E-07
 Time to compute number of parameters was 0.05 seconds.
   Threshold =  0.3000000E-06     Condition index =  0.2549906E-09     New Threshold =  0.1309909E-06
 New Guessimate of Estimated Parameters { Phi(~sex)p(~sex * time) } = 12          
 Conditioned S Vector { Phi(~sex)p(~sex * time) }:
   1.000000     0.1516863     0.9691276E-01 0.2457434E-01 0.1986907E-01
  0.1712920E-01 0.9161887E-02 0.6064698E-02 0.3870245E-02 0.2923293E-02
  0.2536787E-02 0.4811963E-03 0.1194712E-08 0.2549906E-09
 Number of Estimated Parameters { Phi(~sex)p(~sex * time) } = 12          
 DEVIANCE { Phi(~sex)p(~sex * time) } = 79.772560                     
 DEVIANCE Degrees of Freedom { Phi(~sex)p(~sex * time) } = 29            
 c-hat { Phi(~sex)p(~sex * time) } = 2.7507779                     
 AIC { Phi(~sex)p(~sex * time) } = 686.24967                  
 AICc { Phi(~sex)p(~sex * time) } = 687.00512                    
 BIC { Phi(~sex)p(~sex * time) } = 734.90294                    
 Pearson Chisquare { Phi(~sex)p(~sex * time) } = 195.10204                  
 Possible Encounter Histories { Phi(~sex)p(~sex * time) } = 252             
 Pearson Chisquare df { Phi(~sex)p(~sex * time) } = 228        
 Pearson chat { Phi(~sex)p(~sex * time) } = 0.8557107                  
 Sum(Observed/Expected) { Phi(~sex)p(~sex * time) } = 221.72130                  
 Fletcher chat { Phi(~sex)p(~sex * time) } = 0.9725683                  


                 LOGIT Link Function Parameters of { Phi(~sex)p(~sex * time) }
                                                              95% Confidence Interval
 Parameter                    Beta         Standard Error      Lower           Upper
 -------------------------  --------------  --------------  --------------  --------------
    1:Phi:(Intercept)       0.2326856       0.1563901       -0.0738391      0.5392103     
    2:Phi:sexMale           -0.0074305      0.2091489       -0.4173624      0.4025013     
    3:p:(Intercept)         1.2054853       1.0581535       -0.8684956      3.2794662     
    4:p:sexMale             0.1804418       1.4888048       -2.7376157      3.0984993     
    5:p:time3               0.3518045       1.3760570       -2.3452672      3.0488762     
    6:p:time4               0.6180980       1.4021948       -2.1302039      3.3663999     
    7:p:time5               0.8355966       1.2796505       -1.6725184      3.3437115     
    8:p:time6               1.5849007       1.4603153       -1.2773173      4.4471187     
    9:p:time7               0.6730381       1.6059819       -2.4746864      3.8207627     
   10:p:sexMale:time3       22.264326       5344.5543       -10453.062      10497.591     
   11:p:sexMale:time4       0.0582924       2.0021259       -3.8658745      3.9824593     
   12:p:sexMale:time5       0.4253662       1.9349036       -3.3670449      4.2177774     
   13:p:sexMale:time6       -0.2876918      2.0567434       -4.3189089      3.7435253     
   14:p:sexMale:time7       14.941618       2469.1181       -4824.5300      4854.4133     


                 Real Function Parameters of { Phi(~sex)p(~sex * time) }
                                                               95% Confidence Interval
  Parameter                  Estimate       Standard Error      Lower           Upper
 --------------------------  --------------  --------------  --------------  --------------
     1:Phi gFemale c1 a0 t1  0.5579103       0.0385731       0.4815486       0.6316287                           
     2:Phi gMale c1 a0 t1    0.5560769       0.0342813       0.4882687       0.6218584                           
     3:p gFemale c1 a1 t2    0.7694992       0.1876849       0.2955674       0.9637176                           
     4:p gFemale c1 a2 t3    0.8259641       0.1308641       0.4434810       0.9658296                           
     5:p gFemale c1 a3 t4    0.8609955       0.1110931       0.5010613       0.9744919                           

  Program  MARK  - Survival Rate Estimation with Capture-Recapture Data
   gfortran(Win64) Vers. 8.1 Mar 2016   18-Oct-2017 13:50:32    Page  005
 - - - - - - - - - - - - - - - - - - - - - - - - - - - - - - - - - - - - - -
 
     6:p gFemale c1 a4 t5    0.8850434       0.0734700       0.6515182       0.9694227                           
     7:p gFemale c1 a5 t6    0.9421541       0.0550233       0.6924415       0.9915844                           
     8:p gFemale c1 a6 t7    0.8674414       0.1405602       0.3734634       0.9862712                           
     9:p gMale c1 a1 t2      0.7999412       0.1676114       0.3392004       0.9688928                           
    10:p gMale c1 a2 t3      1.0000000       0.2013489E-006  0.9999996       1.0000004                           
    11:p gMale c1 a3 t4      0.8871863       0.0974764       0.5382838       0.9814980                           
    12:p gMale c1 a4 t5      0.9338190       0.0621570       0.6627561       0.9902257                           
    13:p gMale c1 a5 t6      0.9360242       0.0599698       0.6726713       0.9904912                           
    14:p gMale c1 a6 t7      1.0000000       0.1021603E-003  0.2382991E-296  1.0000000                           

 Attempted ordering of parameters by estimatibility:
   1  2  3  7  4  6  8  5 12  9 11 13 14 10
 Beta number 10 is a singular value.

     CPU Time in seconds for last procedure was 0.11


  INPUT --- proc stop;

   * *  WARNING  * *   Numerical underflow occurred during final processing of this model. 
     IEEE flag status at final processing of this model:
     overflow       F
     divide by zero F
     invalid        F
     underflow      T
     inexact        T


     CPU Time in minutes for this job was 0.00

     Time Start = 13:50:32.585   Time End = 13:50:32.680

     Wall Clock Time in minutes for this job was 0.00


          E X E C U T I O N   S U C C E S S F U L 
