
   Program  MARK  - Survival Rate Estimation with Capture-Recapture Data
   gfortran(Win64) Vers. 8.1 Mar 2016   18-Oct-2017 13:50:29    Page  001
 - - - - - - - - - - - - - - - - - - - - - - - - - - - - - - - - - - - - - -
 
   This version was compiled by GCC version 5.3.0 using the options: 
     -cpp -iprefix c:\tdm-gcc-64\gcc\bin\../lib/gcc/x86_64-w64-mingw32/5.3.0/ -D_MT
     -U_REENTRANT -D IEEE -m64 -mtune=generic -march=x86-64 -mthreads -O2
     -fimplicit-none -fbounds-check -funroll-loops -ftree-vectorize
     -ffpe-summary=invalid,zero,overflow,underflow -fno-unsafe-math-optimizations
     -frounding-math -fsignaling-nans -fopenmp.

   This problem will use 7 of 8 possible threads.


  INPUT --- proc title ;

     CPU Time in seconds for last procedure was 0.00


  INPUT --- proc chmatrix occasions= 7 groups= 2 etype= Live ICMeans 
  INPUT --- NoHist hist= 55 ;

  INPUT ---    time  interval 1 1 1 1 1 1 ;

  INPUT ---    glabel(1)=sexFemale;

  INPUT ---    glabel(2)=sexMale;

   * *  WARNING  * *   At least a pair of the encounter histories are duplicates. 

      Number of unique encounter histories read was 32.

      Number of individual covariates read was 0.
      Time interval lengths are all equal to 1.

      Data type number is 1
      Data type is Live Recaptures (CJS)                                                                               

     CPU Time in seconds for last procedure was 0.02

  Program  MARK  - Survival Rate Estimation with Capture-Recapture Data
   gfortran(Win64) Vers. 8.1 Mar 2016   18-Oct-2017 13:50:29    Page  002
 - - - - - - - - - - - - - - - - - - - - - - - - - - - - - - - - - - - - - -
 


  INPUT --- proc estimate link=Logit NOLOOP varest=2ndPart    ;


  INPUT --- model={ Phi(~1)p(~sex * time) };

  INPUT ---    group=1 Phi    rows=6 cols=6 Triang ;
  INPUT ---        1 1 1 1 1 1 ;
  INPUT ---        1 1 1 1 1 ;
  INPUT ---        1 1 1 1 ;
  INPUT ---        1 1 1 ;
  INPUT ---        1 1 ;
  INPUT ---        1 ;

  INPUT ---    group=2 Phi    rows=6 cols=6 Triang ;
  INPUT ---        1 1 1 1 1 1 ;
  INPUT ---        1 1 1 1 1 ;
  INPUT ---        1 1 1 1 ;
  INPUT ---        1 1 1 ;
  INPUT ---        1 1 ;
  INPUT ---        1 ;

  INPUT ---    group=1 p    rows=6 cols=6 Triang ;
  INPUT ---        2 3 4 5 6 7 ;
  INPUT ---        3 4 5 6 7 ;
  INPUT ---        4 5 6 7 ;
  INPUT ---        5 6 7 ;
  INPUT ---        6 7 ;
  INPUT ---        7 ;

  INPUT ---    group=2 p    rows=6 cols=6 Triang ;
  INPUT ---        8 9 10 11 12 13 ;
  INPUT ---        9 10 11 12 13 ;
  INPUT ---        10 11 12 13 ;
  INPUT ---        11 12 13 ;
  INPUT ---        12 13 ;
  INPUT ---        13 ;

  INPUT ---    design matrix constraints=13 covariates=13;
  INPUT ---        1 0 0 0 0 0 0 0 0 0 0 0 0;
  INPUT ---        0 1 0 0 0 0 0 0 0 0 0 0 0;
  INPUT ---        0 1 0 1 0 0 0 0 0 0 0 0 0;
  INPUT ---        0 1 0 0 1 0 0 0 0 0 0 0 0;
  INPUT ---        0 1 0 0 0 1 0 0 0 0 0 0 0;
  INPUT ---        0 1 0 0 0 0 1 0 0 0 0 0 0;

  Program  MARK  - Survival Rate Estimation with Capture-Recapture Data
   gfortran(Win64) Vers. 8.1 Mar 2016   18-Oct-2017 13:50:29    Page  003
 - - - - - - - - - - - - - - - - - - - - - - - - - - - - - - - - - - - - - -
 
  INPUT ---        0 1 0 0 0 0 0 1 0 0 0 0 0;
  INPUT ---        0 1 1 0 0 0 0 0 0 0 0 0 0;
  INPUT ---        0 1 1 1 0 0 0 0 1 0 0 0 0;
  INPUT ---        0 1 1 0 1 0 0 0 0 1 0 0 0;
  INPUT ---        0 1 1 0 0 1 0 0 0 0 1 0 0;
  INPUT ---        0 1 1 0 0 0 1 0 0 0 0 1 0;
  INPUT ---        0 1 1 0 0 0 0 1 0 0 0 0 1;
  INPUT ---       blabel(1)=Phi:(Intercept);
  INPUT ---       blabel(2)=p:(Intercept);
  INPUT ---       blabel(3)=p:sexMale;
  INPUT ---       blabel(4)=p:time3;
  INPUT ---       blabel(5)=p:time4;
  INPUT ---       blabel(6)=p:time5;
  INPUT ---       blabel(7)=p:time6;
  INPUT ---       blabel(8)=p:time7;
  INPUT ---       blabel(9)=p:sexMale:time3;
  INPUT ---       blabel(10)=p:sexMale:time4;
  INPUT ---       blabel(11)=p:sexMale:time5;
  INPUT ---       blabel(12)=p:sexMale:time6;
  INPUT ---       blabel(13)=p:sexMale:time7;
  INPUT ---       rlabel(1)=Phi gFemale c1 a0 t1;
  INPUT ---       rlabel(2)=p gFemale c1 a1 t2;
  INPUT ---       rlabel(3)=p gFemale c1 a2 t3;
  INPUT ---       rlabel(4)=p gFemale c1 a3 t4;
  INPUT ---       rlabel(5)=p gFemale c1 a4 t5;
  INPUT ---       rlabel(6)=p gFemale c1 a5 t6;
  INPUT ---       rlabel(7)=p gFemale c1 a6 t7;
  INPUT ---       rlabel(8)=p gMale c1 a1 t2;
  INPUT ---       rlabel(9)=p gMale c1 a2 t3;
  INPUT ---       rlabel(10)=p gMale c1 a3 t4;
  INPUT ---       rlabel(11)=p gMale c1 a4 t5;
  INPUT ---       rlabel(12)=p gMale c1 a5 t6;
  INPUT ---       rlabel(13)=p gMale c1 a6 t7;

 Link Function Used is LOGIT        

 Variance Estimation Procedure Used is 2ndPart 
 -2logL(saturated) = 582.47711     
 Effective Sample Size = 426

 Number of function evaluations was 67 for 13 parameters.
 Time for numerical optimization was 0.09 seconds.

  Program  MARK  - Survival Rate Estimation with Capture-Recapture Data
   gfortran(Win64) Vers. 8.1 Mar 2016   18-Oct-2017 13:50:29    Page  004
 - - - - - - - - - - - - - - - - - - - - - - - - - - - - - - - - - - - - - -
 
 -2logL { Phi(~1)p(~sex * time) } = 662.25093     
 Penalty { Phi(~1)p(~sex * time) } = -0.0000000    
 Gradient { Phi(~1)p(~sex * time) }:
  0.1850775E-04  0.000000      0.000000     0.8398661E-05  0.000000    
 -0.6192103E-05-0.4395027E-05-0.6739809E-05  0.000000    -0.1077310E-04
 -0.7980532E-05-0.8813477E-05-0.1496496E-05
 S Vector { Phi(~1)p(~sex * time) }:
   105.2786      13.73220      3.385696      2.730332      2.466215    
   1.256378     0.8753062     0.5314654     0.4011657     0.3517820    
  0.6621037E-01 0.3077943E-06 0.2521465E-07
 Time to compute number of parameters was 0.01 seconds.
   Threshold =  0.2800000E-06     Condition index =  0.2395042E-09     New Threshold =  0.9091272E-07
 New Guessimate of Estimated Parameters { Phi(~1)p(~sex * time) } = 11          
 Conditioned S Vector { Phi(~1)p(~sex * time) }:
   1.000000     0.1304368     0.3215941E-01 0.2593436E-01 0.2342562E-01
  0.1193384E-01 0.8314194E-02 0.5048183E-02 0.3810517E-02 0.3341440E-02
  0.6289066E-03 0.2923618E-08 0.2395042E-09
 Number of Estimated Parameters { Phi(~1)p(~sex * time) } = 11          
 DEVIANCE { Phi(~1)p(~sex * time) } = 79.773823                     
 DEVIANCE Degrees of Freedom { Phi(~1)p(~sex * time) } = 30            
 c-hat { Phi(~1)p(~sex * time) } = 2.6591274                     
 AIC { Phi(~1)p(~sex * time) } = 684.25093                  
 AICc { Phi(~1)p(~sex * time) } = 684.88862                    
 BIC { Phi(~1)p(~sex * time) } = 728.84977                    
 Pearson Chisquare { Phi(~1)p(~sex * time) } = 195.43588                  
 Possible Encounter Histories { Phi(~1)p(~sex * time) } = 252             
 Pearson Chisquare df { Phi(~1)p(~sex * time) } = 229        
 Pearson chat { Phi(~1)p(~sex * time) } = 0.8534318                  
 Sum(Observed/Expected) { Phi(~1)p(~sex * time) } = 222.12557                  
 Fletcher chat { Phi(~1)p(~sex * time) } = 0.9682127                  


                  LOGIT Link Function Parameters of { Phi(~1)p(~sex * time) }
                                                              95% Confidence Interval
 Parameter                    Beta         Standard Error      Lower           Upper
 -------------------------  --------------  --------------  --------------  --------------
    1:Phi:(Intercept)       0.2285320       0.1038350       0.0250154       0.4320486     
    2:p:(Intercept)         1.2063284       1.0580301       -0.8674108      3.2800675     
    3:p:sexMale             0.1790283       1.4882882       -2.7380167      3.0960734     
    4:p:time3               0.3536305       1.3757502       -2.3428399      3.0501008     
    5:p:time4               0.6202637       1.4014612       -2.1266003      3.3671278     
    6:p:time5               0.8359973       1.2797627       -1.6723376      3.3443323     
    7:p:time6               1.5867154       1.4596303       -1.2741601      4.4475908     
    8:p:time7               0.6867961       1.5702941       -2.3909804      3.7645725     
    9:p:sexMale:time3       23.898873       6297.5773       -12319.353      12367.151     
   10:p:sexMale:time4       0.0552847       2.0005688       -3.8658302      3.9763995     
   11:p:sexMale:time5       0.4245521       1.9347672       -3.3675918      4.2166959     
   12:p:sexMale:time6       -0.2899204      2.0558377       -4.3193624      3.7395217     
   13:p:sexMale:time7       14.193742       1802.4770       -3518.6613      3547.0487     


                  Real Function Parameters of { Phi(~1)p(~sex * time) }
                                                               95% Confidence Interval
  Parameter                  Estimate       Standard Error      Lower           Upper
 --------------------------  --------------  --------------  --------------  --------------
     1:Phi gFemale c1 a0 t1  0.5568856       0.0256227       0.5062535       0.6063627                           
     2:p gFemale c1 a1 t2    0.7696486       0.1875777       0.2957934       0.9637386                           
     3:p gFemale c1 a2 t3    0.8263474       0.1302960       0.4452884       0.9657641                           
     4:p gFemale c1 a3 t4    0.8613552       0.1104725       0.5033701       0.9744118                           
     5:p gFemale c1 a4 t5    0.8851699       0.0733210       0.6521446       0.9694147                           
     6:p gFemale c1 a5 t6    0.9422988       0.0547504       0.6941079       0.9915633                           

  Program  MARK  - Survival Rate Estimation with Capture-Recapture Data
   gfortran(Win64) Vers. 8.1 Mar 2016   18-Oct-2017 13:50:29    Page  005
 - - - - - - - - - - - - - - - - - - - - - - - - - - - - - - - - - - - - - -
 
     7:p gFemale c1 a6 t7    0.8691114       0.1327582       0.4026912       0.9849396                           
     8:p gMale c1 a1 t2      0.7998499       0.1676317       0.3391740       0.9688619                           
     9:p gMale c1 a2 t3      1.0000000       0.4621663E-007  0.9999999       1.0000001                           
    10:p gMale c1 a3 t4      0.8870449       0.0974762       0.5384526       0.9814342                           
    11:p gMale c1 a4 t5      0.9337582       0.0621819       0.6627356       0.9902076                           
    12:p gMale c1 a5 t6      0.9359652       0.0599934       0.6726556       0.9904733                           
    13:p gMale c1 a6 t7      0.9999999       0.1554825E-003  0.1143012E-296  1.0000000                           

 Attempted ordering of parameters by estimatibility:
   1  2  3  6  5  7  4 11  8 10 12 13  9
 Beta number 9 is a singular value.

     CPU Time in seconds for last procedure was 0.09


  INPUT --- proc stop;

   * *  WARNING  * *   Numerical underflow occurred during final processing of this model. 
     IEEE flag status at final processing of this model:
     overflow       F
     divide by zero F
     invalid        F
     underflow      T
     inexact        T


     CPU Time in minutes for this job was 0.00

     Time Start = 13:50:29.752   Time End = 13:50:29.847

     Wall Clock Time in minutes for this job was 0.00


          E X E C U T I O N   S U C C E S S F U L 
