
   Program  MARK  - Survival Rate Estimation with Capture-Recapture Data
   gfortran(Win64) Vers. 8.1 Mar 2016   18-Oct-2017 13:50:29    Page  001
 - - - - - - - - - - - - - - - - - - - - - - - - - - - - - - - - - - - - - -
 
   This version was compiled by GCC version 5.3.0 using the options: 
     -cpp -iprefix c:\tdm-gcc-64\gcc\bin\../lib/gcc/x86_64-w64-mingw32/5.3.0/ -D_MT
     -U_REENTRANT -D IEEE -m64 -mtune=generic -march=x86-64 -mthreads -O2
     -fimplicit-none -fbounds-check -funroll-loops -ftree-vectorize
     -ffpe-summary=invalid,zero,overflow,underflow -fno-unsafe-math-optimizations
     -frounding-math -fsignaling-nans -fopenmp.

   This problem will use 7 of 8 possible threads.


  INPUT --- proc title ;

     CPU Time in seconds for last procedure was 0.00


  INPUT --- proc chmatrix occasions= 7 groups= 2 etype= Live ICMeans 
  INPUT --- NoHist hist= 55 ;

  INPUT ---    time  interval 1 1 1 1 1 1 ;

  INPUT ---    glabel(1)=sexFemale;

  INPUT ---    glabel(2)=sexMale;

   * *  WARNING  * *   At least a pair of the encounter histories are duplicates. 

      Number of unique encounter histories read was 32.

      Number of individual covariates read was 0.
      Time interval lengths are all equal to 1.

      Data type number is 1
      Data type is Live Recaptures (CJS)                                                                               

     CPU Time in seconds for last procedure was 0.02

  Program  MARK  - Survival Rate Estimation with Capture-Recapture Data
   gfortran(Win64) Vers. 8.1 Mar 2016   18-Oct-2017 13:50:29    Page  002
 - - - - - - - - - - - - - - - - - - - - - - - - - - - - - - - - - - - - - -
 


  INPUT --- proc estimate link=Logit NOLOOP varest=2ndPart    ;


  INPUT --- model={ Phi(~1)p(~sex) };

  INPUT ---    group=1 Phi    rows=6 cols=6 Triang ;
  INPUT ---        1 1 1 1 1 1 ;
  INPUT ---        1 1 1 1 1 ;
  INPUT ---        1 1 1 1 ;
  INPUT ---        1 1 1 ;
  INPUT ---        1 1 ;
  INPUT ---        1 ;

  INPUT ---    group=2 Phi    rows=6 cols=6 Triang ;
  INPUT ---        1 1 1 1 1 1 ;
  INPUT ---        1 1 1 1 1 ;
  INPUT ---        1 1 1 1 ;
  INPUT ---        1 1 1 ;
  INPUT ---        1 1 ;
  INPUT ---        1 ;

  INPUT ---    group=1 p    rows=6 cols=6 Triang ;
  INPUT ---        2 2 2 2 2 2 ;
  INPUT ---        2 2 2 2 2 ;
  INPUT ---        2 2 2 2 ;
  INPUT ---        2 2 2 ;
  INPUT ---        2 2 ;
  INPUT ---        2 ;

  INPUT ---    group=2 p    rows=6 cols=6 Triang ;
  INPUT ---        3 3 3 3 3 3 ;
  INPUT ---        3 3 3 3 3 ;
  INPUT ---        3 3 3 3 ;
  INPUT ---        3 3 3 ;
  INPUT ---        3 3 ;
  INPUT ---        3 ;

  INPUT ---    design matrix constraints=3 covariates=3;
  INPUT ---        1 0 0;
  INPUT ---        0 1 0;
  INPUT ---        0 1 1;
  INPUT ---       blabel(1)=Phi:(Intercept);
  INPUT ---       blabel(2)=p:(Intercept);
  INPUT ---       blabel(3)=p:sexMale;

  Program  MARK  - Survival Rate Estimation with Capture-Recapture Data
   gfortran(Win64) Vers. 8.1 Mar 2016   18-Oct-2017 13:50:29    Page  003
 - - - - - - - - - - - - - - - - - - - - - - - - - - - - - - - - - - - - - -
 
  INPUT ---       rlabel(1)=Phi gFemale c1 a0 t1;
  INPUT ---       rlabel(2)=p gFemale c1 a1 t2;
  INPUT ---       rlabel(3)=p gMale c1 a1 t2;

 Link Function Used is LOGIT        

 Variance Estimation Procedure Used is 2ndPart 
 -2logL(saturated) = 582.47711     
 Effective Sample Size = 426

   * *  WARNING  * *   Error number 0 from VA09AD optimization routine. 

 Number of function evaluations was 19 for 3 parameters.
 Time for numerical optimization was 0.01 seconds.
 -2logL { Phi(~1)p(~sex) } = 666.19337     
 Penalty { Phi(~1)p(~sex) } = -0.0000000    
 Gradient { Phi(~1)p(~sex) }:
   0.000000      0.000000      0.000000    
 S Vector { Phi(~1)p(~sex) }:
   103.6125      11.28631      2.025733    
 Time to compute number of parameters was 0.01 seconds.
   Threshold =  0.8000000E-07     Condition index =  0.1955104E-01     New Threshold =   3.508673    
 New Guessimate of Estimated Parameters { Phi(~1)p(~sex) } = 1          
 Conditioned S Vector { Phi(~1)p(~sex) }:
   1.000000     0.1089280     0.1955104E-01
 Number of Estimated Parameters { Phi(~1)p(~sex) } = 3          
 DEVIANCE { Phi(~1)p(~sex) } = 83.716260                     
 DEVIANCE Degrees of Freedom { Phi(~1)p(~sex) } = 38            
 c-hat { Phi(~1)p(~sex) } = 2.2030595                     
 AIC { Phi(~1)p(~sex) } = 672.19337                  
 AICc { Phi(~1)p(~sex) } = 672.25024                    
 BIC { Phi(~1)p(~sex) } = 684.35669                    
 Pearson Chisquare { Phi(~1)p(~sex) } = 180.85891                  
 Possible Encounter Histories { Phi(~1)p(~sex) } = 252             
 Pearson Chisquare df { Phi(~1)p(~sex) } = 237        
 Pearson chat { Phi(~1)p(~sex) } = 0.7631178                  
 Sum(Observed/Expected) { Phi(~1)p(~sex) } = 204.75341                  
 Fletcher chat { Phi(~1)p(~sex) } = 0.9392062                  


                      LOGIT Link Function Parameters of { Phi(~1)p(~sex) }
                                                              95% Confidence Interval
 Parameter                    Beta         Standard Error      Lower           Upper
 -------------------------  --------------  --------------  --------------  --------------
    1:Phi:(Intercept)       0.2440004       0.1021468       0.0437926       0.4442082     
    2:p:(Intercept)         1.9933759       0.4116903       1.1864628       2.8002889     
    3:p:sexMale             0.5089528       0.6418565       -0.7490860      1.7669916     


                      Real Function Parameters of { Phi(~1)p(~sex) }
                                                               95% Confidence Interval
  Parameter                  Estimate       Standard Error      Lower           Upper
 --------------------------  --------------  --------------  --------------  --------------
     1:Phi gFemale c1 a0 t1  0.5606992       0.0251604       0.5109464       0.6092613                           
     2:p gFemale c1 a1 t2    0.8800998       0.0434433       0.7661078       0.9426914                           
     3:p gMale c1 a1 t2      0.9243049       0.0354125       0.8191038       0.9705271                           

     CPU Time in seconds for last procedure was 0.00

  Program  MARK  - Survival Rate Estimation with Capture-Recapture Data
   gfortran(Win64) Vers. 8.1 Mar 2016   18-Oct-2017 13:50:29    Page  004
 - - - - - - - - - - - - - - - - - - - - - - - - - - - - - - - - - - - - - -
 


  INPUT --- proc stop;

     CPU Time in minutes for this job was 0.00

     Time Start = 13:50:29.166   Time End = 13:50:29.197

     Wall Clock Time in minutes for this job was 0.00


          E X E C U T I O N   S U C C E S S F U L 
