
   Program  MARK  - Survival Rate Estimation with Capture-Recapture Data
   gfortran(Win64) Vers. 8.1 Mar 2016   18-Oct-2017 13:50:32    Page  001
 - - - - - - - - - - - - - - - - - - - - - - - - - - - - - - - - - - - - - -
 
   This version was compiled by GCC version 5.3.0 using the options: 
     -cpp -iprefix c:\tdm-gcc-64\gcc\bin\../lib/gcc/x86_64-w64-mingw32/5.3.0/ -D_MT
     -U_REENTRANT -D IEEE -m64 -mtune=generic -march=x86-64 -mthreads -O2
     -fimplicit-none -fbounds-check -funroll-loops -ftree-vectorize
     -ffpe-summary=invalid,zero,overflow,underflow -fno-unsafe-math-optimizations
     -frounding-math -fsignaling-nans -fopenmp.

   This problem will use 7 of 8 possible threads.


  INPUT --- proc title ;

     CPU Time in seconds for last procedure was 0.00


  INPUT --- proc chmatrix occasions= 7 groups= 2 etype= Live ICMeans 
  INPUT --- NoHist hist= 55 ;

  INPUT ---    time  interval 1 1 1 1 1 1 ;

  INPUT ---    glabel(1)=sexFemale;

  INPUT ---    glabel(2)=sexMale;

   * *  WARNING  * *   At least a pair of the encounter histories are duplicates. 

      Number of unique encounter histories read was 32.

      Number of individual covariates read was 0.
      Time interval lengths are all equal to 1.

      Data type number is 1
      Data type is Live Recaptures (CJS)                                                                               

     CPU Time in seconds for last procedure was 0.00

  Program  MARK  - Survival Rate Estimation with Capture-Recapture Data
   gfortran(Win64) Vers. 8.1 Mar 2016   18-Oct-2017 13:50:32    Page  002
 - - - - - - - - - - - - - - - - - - - - - - - - - - - - - - - - - - - - - -
 


  INPUT --- proc estimate link=Logit NOLOOP varest=2ndPart    ;


  INPUT --- model={ Phi(~sex)p(~time) };

  INPUT ---    group=1 Phi    rows=6 cols=6 Triang ;
  INPUT ---        1 1 1 1 1 1 ;
  INPUT ---        1 1 1 1 1 ;
  INPUT ---        1 1 1 1 ;
  INPUT ---        1 1 1 ;
  INPUT ---        1 1 ;
  INPUT ---        1 ;

  INPUT ---    group=2 Phi    rows=6 cols=6 Triang ;
  INPUT ---        2 2 2 2 2 2 ;
  INPUT ---        2 2 2 2 2 ;
  INPUT ---        2 2 2 2 ;
  INPUT ---        2 2 2 ;
  INPUT ---        2 2 ;
  INPUT ---        2 ;

  INPUT ---    group=1 p    rows=6 cols=6 Triang ;
  INPUT ---        3 4 5 6 7 8 ;
  INPUT ---        4 5 6 7 8 ;
  INPUT ---        5 6 7 8 ;
  INPUT ---        6 7 8 ;
  INPUT ---        7 8 ;
  INPUT ---        8 ;

  INPUT ---    group=2 p    rows=6 cols=6 Triang ;
  INPUT ---        3 4 5 6 7 8 ;
  INPUT ---        4 5 6 7 8 ;
  INPUT ---        5 6 7 8 ;
  INPUT ---        6 7 8 ;
  INPUT ---        7 8 ;
  INPUT ---        8 ;

  INPUT ---    design matrix constraints=8 covariates=8;
  INPUT ---        1 0 0 0 0 0 0 0;
  INPUT ---        1 1 0 0 0 0 0 0;
  INPUT ---        0 0 1 0 0 0 0 0;
  INPUT ---        0 0 1 1 0 0 0 0;
  INPUT ---        0 0 1 0 1 0 0 0;
  INPUT ---        0 0 1 0 0 1 0 0;

  Program  MARK  - Survival Rate Estimation with Capture-Recapture Data
   gfortran(Win64) Vers. 8.1 Mar 2016   18-Oct-2017 13:50:32    Page  003
 - - - - - - - - - - - - - - - - - - - - - - - - - - - - - - - - - - - - - -
 
  INPUT ---        0 0 1 0 0 0 1 0;
  INPUT ---        0 0 1 0 0 0 0 1;
  INPUT ---       blabel(1)=Phi:(Intercept);
  INPUT ---       blabel(2)=Phi:sexMale;
  INPUT ---       blabel(3)=p:(Intercept);
  INPUT ---       blabel(4)=p:time3;
  INPUT ---       blabel(5)=p:time4;
  INPUT ---       blabel(6)=p:time5;
  INPUT ---       blabel(7)=p:time6;
  INPUT ---       blabel(8)=p:time7;
  INPUT ---       rlabel(1)=Phi gFemale c1 a0 t1;
  INPUT ---       rlabel(2)=Phi gMale c1 a0 t1;
  INPUT ---       rlabel(3)=p gFemale c1 a1 t2;
  INPUT ---       rlabel(4)=p gFemale c1 a2 t3;
  INPUT ---       rlabel(5)=p gFemale c1 a3 t4;
  INPUT ---       rlabel(6)=p gFemale c1 a4 t5;
  INPUT ---       rlabel(7)=p gFemale c1 a5 t6;
  INPUT ---       rlabel(8)=p gFemale c1 a6 t7;

 Link Function Used is LOGIT        

 Variance Estimation Procedure Used is 2ndPart 
 -2logL(saturated) = 582.47711     
 Effective Sample Size = 426

 Number of function evaluations was 24 for 8 parameters.
 Time for numerical optimization was 0.02 seconds.
 -2logL { Phi(~sex)p(~time) } = 664.30427     
 Penalty { Phi(~sex)p(~time) } = -0.0000000    
 Gradient { Phi(~sex)p(~time) }:
 -0.3877360E-04-0.2102413E-04  0.000000     0.6297766E-05  0.000000    
 -0.5687952E-05-0.4608577E-05-0.3738957E-05
 S Vector { Phi(~sex)p(~time) }:
   137.2713      20.62518      11.01979      2.713869      2.103294    
   1.384213     0.3405131     0.9458231E-01
 Time to compute number of parameters was 0.01 seconds.
   Threshold =  0.1800000E-06     Condition index =  0.6890175E-03     New Threshold =  0.2675192    
 New Guessimate of Estimated Parameters { Phi(~sex)p(~time) } = 1          
 Conditioned S Vector { Phi(~sex)p(~time) }:
   1.000000     0.1502512     0.8027743E-01 0.1977011E-01 0.1532217E-01
  0.1008377E-01 0.2480585E-02 0.6890175E-03
 Number of Estimated Parameters { Phi(~sex)p(~time) } = 8          
 DEVIANCE { Phi(~sex)p(~time) } = 81.827159                     
 DEVIANCE Degrees of Freedom { Phi(~sex)p(~time) } = 33            
 c-hat { Phi(~sex)p(~time) } = 2.4796109                     
 AIC { Phi(~sex)p(~time) } = 680.30427                  
 AICc { Phi(~sex)p(~time) } = 680.64959                    
 BIC { Phi(~sex)p(~time) } = 712.73978                    
 Pearson Chisquare { Phi(~sex)p(~time) } = 223.80071                  
 Possible Encounter Histories { Phi(~sex)p(~time) } = 252             
 Pearson Chisquare df { Phi(~sex)p(~time) } = 232        
 Pearson chat { Phi(~sex)p(~time) } = 0.9646582                  
 Sum(Observed/Expected) { Phi(~sex)p(~time) } = 250.01878                  
 Fletcher chat { Phi(~sex)p(~time) } = 0.9723025                  


                    LOGIT Link Function Parameters of { Phi(~sex)p(~time) }
                                                              95% Confidence Interval
 Parameter                    Beta         Standard Error      Lower           Upper
 -------------------------  --------------  --------------  --------------  --------------
    1:Phi:(Intercept)       0.1728273       0.1471675       -0.1156209      0.4612755     
    2:Phi:sexMale           0.0814890       0.1942505       -0.2992421      0.4622200     

  Program  MARK  - Survival Rate Estimation with Capture-Recapture Data
   gfortran(Win64) Vers. 8.1 Mar 2016   18-Oct-2017 13:50:33    Page  004
 - - - - - - - - - - - - - - - - - - - - - - - - - - - - - - - - - - - - - -
 
    3:p:(Intercept)         1.2947178       0.7436114       -0.1627607      2.7521962     
    4:p:time3               0.8051931       1.1642050       -1.4766489      3.0870350     
    5:p:time4               0.6542855       1.0019915       -1.3096178      2.6181889     
    6:p:time5               0.9987305       0.9453599       -0.8541749      2.8516359     
    7:p:time6               1.4668536       1.0303609       -0.5526539      3.4863610     
    8:p:time7               2.0406028       3.2086380       -4.2483278      8.3295333     


                    Real Function Parameters of { Phi(~sex)p(~time) }
                                                               95% Confidence Interval
  Parameter                  Estimate       Standard Error      Lower           Upper
 --------------------------  --------------  --------------  --------------  --------------
     1:Phi gFemale c1 a0 t1  0.5430996       0.0365185       0.4711269       0.6133167                           
     2:Phi gMale c1 a0 t1    0.5632386       0.0367877       0.4903042       0.6335369                           
     3:p gFemale c1 a1 t2    0.7849446       0.1255265       0.4593994       0.9400373                           
     4:p gFemale c1 a2 t3    0.8908945       0.0891877       0.5748100       0.9801270                           
     5:p gFemale c1 a3 t4    0.8753379       0.0737741       0.6511051       0.9635297                           
     6:p gFemale c1 a4 t5    0.9083330       0.0487304       0.7588448       0.9689478                           
     7:p gFemale c1 a5 t6    0.9405635       0.0399975       0.7956376       0.9846911                           
     8:p gFemale c1 a6 t7    0.9656208       0.1039850       0.0571049       0.9999232                           

     CPU Time in seconds for last procedure was 0.03

  Program  MARK  - Survival Rate Estimation with Capture-Recapture Data
   gfortran(Win64) Vers. 8.1 Mar 2016   18-Oct-2017 13:50:33    Page  005
 - - - - - - - - - - - - - - - - - - - - - - - - - - - - - - - - - - - - - -
 


  INPUT --- proc stop;

     CPU Time in minutes for this job was 0.00

     Time Start = 13:50:32.982   Time End = 13:50:33.013

     Wall Clock Time in minutes for this job was 0.00


          E X E C U T I O N   S U C C E S S F U L 
