
   Program  MARK  - Survival Rate Estimation with Capture-Recapture Data
   gfortran(Win64) Vers. 8.1 Mar 2016   18-Oct-2017 13:50:31    Page  001
 - - - - - - - - - - - - - - - - - - - - - - - - - - - - - - - - - - - - - -
 
   This version was compiled by GCC version 5.3.0 using the options: 
     -cpp -iprefix c:\tdm-gcc-64\gcc\bin\../lib/gcc/x86_64-w64-mingw32/5.3.0/ -D_MT
     -U_REENTRANT -D IEEE -m64 -mtune=generic -march=x86-64 -mthreads -O2
     -fimplicit-none -fbounds-check -funroll-loops -ftree-vectorize
     -ffpe-summary=invalid,zero,overflow,underflow -fno-unsafe-math-optimizations
     -frounding-math -fsignaling-nans -fopenmp.

   This problem will use 7 of 8 possible threads.


  INPUT --- proc title ;

     CPU Time in seconds for last procedure was 0.00


  INPUT --- proc chmatrix occasions= 7 groups= 2 etype= Live ICMeans 
  INPUT --- NoHist hist= 55 ;

  INPUT ---    time  interval 1 1 1 1 1 1 ;

  INPUT ---    glabel(1)=sexFemale;

  INPUT ---    glabel(2)=sexMale;

   * *  WARNING  * *   At least a pair of the encounter histories are duplicates. 

      Number of unique encounter histories read was 32.

      Number of individual covariates read was 0.
      Time interval lengths are all equal to 1.

      Data type number is 1
      Data type is Live Recaptures (CJS)                                                                               

     CPU Time in seconds for last procedure was 0.00

  Program  MARK  - Survival Rate Estimation with Capture-Recapture Data
   gfortran(Win64) Vers. 8.1 Mar 2016   18-Oct-2017 13:50:31    Page  002
 - - - - - - - - - - - - - - - - - - - - - - - - - - - - - - - - - - - - - -
 


  INPUT --- proc estimate link=Logit NOLOOP varest=2ndPart    ;


  INPUT --- model={ Phi(~Flood)p(~Flood) };

  INPUT ---    group=1 Phi    rows=6 cols=6 Triang ;
  INPUT ---        1 2 2 1 1 1 ;
  INPUT ---        2 2 1 1 1 ;
  INPUT ---        2 1 1 1 ;
  INPUT ---        1 1 1 ;
  INPUT ---        1 1 ;
  INPUT ---        1 ;

  INPUT ---    group=2 Phi    rows=6 cols=6 Triang ;
  INPUT ---        1 2 2 1 1 1 ;
  INPUT ---        2 2 1 1 1 ;
  INPUT ---        2 1 1 1 ;
  INPUT ---        1 1 1 ;
  INPUT ---        1 1 ;
  INPUT ---        1 ;

  INPUT ---    group=1 p    rows=6 cols=6 Triang ;
  INPUT ---        3 4 3 3 3 3 ;
  INPUT ---        4 3 3 3 3 ;
  INPUT ---        3 3 3 3 ;
  INPUT ---        3 3 3 ;
  INPUT ---        3 3 ;
  INPUT ---        3 ;

  INPUT ---    group=2 p    rows=6 cols=6 Triang ;
  INPUT ---        3 4 3 3 3 3 ;
  INPUT ---        4 3 3 3 3 ;
  INPUT ---        3 3 3 3 ;
  INPUT ---        3 3 3 ;
  INPUT ---        3 3 ;
  INPUT ---        3 ;

  INPUT ---    design matrix constraints=4 covariates=4;
  INPUT ---        1 0 0 0;
  INPUT ---        1 1 0 0;
  INPUT ---        0 0 1 0;
  INPUT ---        0 0 1 1;
  INPUT ---       blabel(1)=Phi:(Intercept);
  INPUT ---       blabel(2)=Phi:Flood;

  Program  MARK  - Survival Rate Estimation with Capture-Recapture Data
   gfortran(Win64) Vers. 8.1 Mar 2016   18-Oct-2017 13:50:31    Page  003
 - - - - - - - - - - - - - - - - - - - - - - - - - - - - - - - - - - - - - -
 
  INPUT ---       blabel(3)=p:(Intercept);
  INPUT ---       blabel(4)=p:Flood;
  INPUT ---       rlabel(1)=Phi gFemale c1 a0 t1;
  INPUT ---       rlabel(2)=Phi gFemale c1 a1 t2;
  INPUT ---       rlabel(3)=p gFemale c1 a1 t2;
  INPUT ---       rlabel(4)=p gFemale c1 a2 t3;

 Link Function Used is LOGIT        

 Variance Estimation Procedure Used is 2ndPart 
 -2logL(saturated) = 582.47711     
 Effective Sample Size = 426

   * *  WARNING  * *   Error number 0 from VA09AD optimization routine. 

 Number of function evaluations was 17 for 4 parameters.
 Time for numerical optimization was 0.01 seconds.
 -2logL { Phi(~Flood)p(~Flood) } = 660.06069     
 Penalty { Phi(~Flood)p(~Flood) } = -0.0000000    
 Gradient { Phi(~Flood)p(~Flood) }:
   0.000000      0.000000      0.000000      0.000000    
 S Vector { Phi(~Flood)p(~Flood) }:
   115.4577      19.00084      9.366871     0.9458418    
 Time to compute number of parameters was 0.01 seconds.
   Threshold =  0.1000000E-06     Condition index =  0.8192108E-02     New Threshold =   1.891684    
 New Guessimate of Estimated Parameters { Phi(~Flood)p(~Flood) } = 1          
 Conditioned S Vector { Phi(~Flood)p(~Flood) }:
   1.000000     0.1645697     0.8112817E-01 0.8192108E-02
 Number of Estimated Parameters { Phi(~Flood)p(~Flood) } = 4          
 DEVIANCE { Phi(~Flood)p(~Flood) } = 77.583574                     
 DEVIANCE Degrees of Freedom { Phi(~Flood)p(~Flood) } = 37            
 c-hat { Phi(~Flood)p(~Flood) } = 2.0968533                     
 AIC { Phi(~Flood)p(~Flood) } = 668.06069                  
 AICc { Phi(~Flood)p(~Flood) } = 668.15570                    
 BIC { Phi(~Flood)p(~Flood) } = 684.27844                    
 Pearson Chisquare { Phi(~Flood)p(~Flood) } = 184.71195                  
 Possible Encounter Histories { Phi(~Flood)p(~Flood) } = 252             
 Pearson Chisquare df { Phi(~Flood)p(~Flood) } = 236        
 Pearson chat { Phi(~Flood)p(~Flood) } = 0.7826778                  
 Sum(Observed/Expected) { Phi(~Flood)p(~Flood) } = 215.62453                  
 Fletcher chat { Phi(~Flood)p(~Flood) } = 0.9147141                  


                   LOGIT Link Function Parameters of { Phi(~Flood)p(~Flood) }
                                                              95% Confidence Interval
 Parameter                    Beta         Standard Error      Lower           Upper
 -------------------------  --------------  --------------  --------------  --------------
    1:Phi:(Intercept)       0.4377032       0.1306525       0.1816243       0.6937820     
    2:Phi:Flood             -0.5658251      0.2184170       -0.9939223      -0.1377278    
    3:p:(Intercept)         2.1718277       0.3412192       1.5030380       2.8406174     
    4:p:Flood               0.2035927       1.0218133       -1.7991614      2.2063467     


                   Real Function Parameters of { Phi(~Flood)p(~Flood) }
                                                               95% Confidence Interval
  Parameter                  Estimate       Standard Error      Lower           Upper
 --------------------------  --------------  --------------  --------------  --------------
     1:Phi gFemale c1 a0 t1  0.6077116       0.0311473       0.5452817       0.6668077                           
     2:Phi gFemale c1 a1 t2  0.4680133       0.0433897       0.3846884       0.5531612                           
     3:p gFemale c1 a1 t2    0.8976909       0.0313382       0.8180271       0.9448317                           
     4:p gFemale c1 a2 t3    0.9149337       0.0757363       0.6149453       0.9863826                           

  Program  MARK  - Survival Rate Estimation with Capture-Recapture Data
   gfortran(Win64) Vers. 8.1 Mar 2016   18-Oct-2017 13:50:31    Page  004
 - - - - - - - - - - - - - - - - - - - - - - - - - - - - - - - - - - - - - -
 

     CPU Time in seconds for last procedure was 0.00


  INPUT --- proc stop;

     CPU Time in minutes for this job was 0.00

     Time Start = 13:50:31.694   Time End = 13:50:31.701

     Wall Clock Time in minutes for this job was 0.00


          E X E C U T I O N   S U C C E S S F U L 
