
   Program  MARK  - Survival Rate Estimation with Capture-Recapture Data
   gfortran(Win64) Vers. 8.1 Mar 2016   18-Oct-2017 13:50:30    Page  001
 - - - - - - - - - - - - - - - - - - - - - - - - - - - - - - - - - - - - - -
 
   This version was compiled by GCC version 5.3.0 using the options: 
     -cpp -iprefix c:\tdm-gcc-64\gcc\bin\../lib/gcc/x86_64-w64-mingw32/5.3.0/ -D_MT
     -U_REENTRANT -D IEEE -m64 -mtune=generic -march=x86-64 -mthreads -O2
     -fimplicit-none -fbounds-check -funroll-loops -ftree-vectorize
     -ffpe-summary=invalid,zero,overflow,underflow -fno-unsafe-math-optimizations
     -frounding-math -fsignaling-nans -fopenmp.

   This problem will use 7 of 8 possible threads.


  INPUT --- proc title ;

     CPU Time in seconds for last procedure was 0.00


  INPUT --- proc chmatrix occasions= 7 groups= 2 etype= Live ICMeans 
  INPUT --- NoHist hist= 55 ;

  INPUT ---    time  interval 1 1 1 1 1 1 ;

  INPUT ---    glabel(1)=sexFemale;

  INPUT ---    glabel(2)=sexMale;

   * *  WARNING  * *   At least a pair of the encounter histories are duplicates. 

      Number of unique encounter histories read was 32.

      Number of individual covariates read was 0.
      Time interval lengths are all equal to 1.

      Data type number is 1
      Data type is Live Recaptures (CJS)                                                                               

     CPU Time in seconds for last procedure was 0.00

  Program  MARK  - Survival Rate Estimation with Capture-Recapture Data
   gfortran(Win64) Vers. 8.1 Mar 2016   18-Oct-2017 13:50:30    Page  002
 - - - - - - - - - - - - - - - - - - - - - - - - - - - - - - - - - - - - - -
 


  INPUT --- proc estimate link=Logit NOLOOP varest=2ndPart    ;


  INPUT --- model={ Phi(~time)p(~time) };

  INPUT ---    group=1 Phi    rows=6 cols=6 Triang ;
  INPUT ---        1 2 3 4 5 6 ;
  INPUT ---        2 3 4 5 6 ;
  INPUT ---        3 4 5 6 ;
  INPUT ---        4 5 6 ;
  INPUT ---        5 6 ;
  INPUT ---        6 ;

  INPUT ---    group=2 Phi    rows=6 cols=6 Triang ;
  INPUT ---        1 2 3 4 5 6 ;
  INPUT ---        2 3 4 5 6 ;
  INPUT ---        3 4 5 6 ;
  INPUT ---        4 5 6 ;
  INPUT ---        5 6 ;
  INPUT ---        6 ;

  INPUT ---    group=1 p    rows=6 cols=6 Triang ;
  INPUT ---        7 8 9 10 11 12 ;
  INPUT ---        8 9 10 11 12 ;
  INPUT ---        9 10 11 12 ;
  INPUT ---        10 11 12 ;
  INPUT ---        11 12 ;
  INPUT ---        12 ;

  INPUT ---    group=2 p    rows=6 cols=6 Triang ;
  INPUT ---        7 8 9 10 11 12 ;
  INPUT ---        8 9 10 11 12 ;
  INPUT ---        9 10 11 12 ;
  INPUT ---        10 11 12 ;
  INPUT ---        11 12 ;
  INPUT ---        12 ;

  INPUT ---    design matrix constraints=12 covariates=12;
  INPUT ---        1 0 0 0 0 0 0 0 0 0 0 0;
  INPUT ---        1 1 0 0 0 0 0 0 0 0 0 0;
  INPUT ---        1 0 1 0 0 0 0 0 0 0 0 0;
  INPUT ---        1 0 0 1 0 0 0 0 0 0 0 0;
  INPUT ---        1 0 0 0 1 0 0 0 0 0 0 0;
  INPUT ---        1 0 0 0 0 1 0 0 0 0 0 0;

  Program  MARK  - Survival Rate Estimation with Capture-Recapture Data
   gfortran(Win64) Vers. 8.1 Mar 2016   18-Oct-2017 13:50:30    Page  003
 - - - - - - - - - - - - - - - - - - - - - - - - - - - - - - - - - - - - - -
 
  INPUT ---        0 0 0 0 0 0 1 0 0 0 0 0;
  INPUT ---        0 0 0 0 0 0 1 1 0 0 0 0;
  INPUT ---        0 0 0 0 0 0 1 0 1 0 0 0;
  INPUT ---        0 0 0 0 0 0 1 0 0 1 0 0;
  INPUT ---        0 0 0 0 0 0 1 0 0 0 1 0;
  INPUT ---        0 0 0 0 0 0 1 0 0 0 0 1;
  INPUT ---       blabel(1)=Phi:(Intercept);
  INPUT ---       blabel(2)=Phi:time2;
  INPUT ---       blabel(3)=Phi:time3;
  INPUT ---       blabel(4)=Phi:time4;
  INPUT ---       blabel(5)=Phi:time5;
  INPUT ---       blabel(6)=Phi:time6;
  INPUT ---       blabel(7)=p:(Intercept);
  INPUT ---       blabel(8)=p:time3;
  INPUT ---       blabel(9)=p:time4;
  INPUT ---       blabel(10)=p:time5;
  INPUT ---       blabel(11)=p:time6;
  INPUT ---       blabel(12)=p:time7;
  INPUT ---       rlabel(1)=Phi gFemale c1 a0 t1;
  INPUT ---       rlabel(2)=Phi gFemale c1 a1 t2;
  INPUT ---       rlabel(3)=Phi gFemale c1 a2 t3;
  INPUT ---       rlabel(4)=Phi gFemale c1 a3 t4;
  INPUT ---       rlabel(5)=Phi gFemale c1 a4 t5;
  INPUT ---       rlabel(6)=Phi gFemale c1 a5 t6;
  INPUT ---       rlabel(7)=p gFemale c1 a1 t2;
  INPUT ---       rlabel(8)=p gFemale c1 a2 t3;
  INPUT ---       rlabel(9)=p gFemale c1 a3 t4;
  INPUT ---       rlabel(10)=p gFemale c1 a4 t5;
  INPUT ---       rlabel(11)=p gFemale c1 a5 t6;
  INPUT ---       rlabel(12)=p gFemale c1 a6 t7;

 Link Function Used is LOGIT        

 Variance Estimation Procedure Used is 2ndPart 
 -2logL(saturated) = 582.47711     
 Effective Sample Size = 426

 Number of function evaluations was 29 for 12 parameters.
 Time for numerical optimization was 0.06 seconds.
 -2logL { Phi(~time)p(~time) } = 656.95021     
 Penalty { Phi(~time)p(~time) } = -0.0000000    
 Gradient { Phi(~time)p(~time) }:
 -0.5873890E-05 0.5171627E-05 0.1124035E-04  0.000000      0.000000    
 -0.9108557E-05 0.6214840E-05 0.4280980E-05  0.000000     0.4783300E-05
   0.000000      0.000000    

  Program  MARK  - Survival Rate Estimation with Capture-Recapture Data
   gfortran(Win64) Vers. 8.1 Mar 2016   18-Oct-2017 13:50:30    Page  004
 - - - - - - - - - - - - - - - - - - - - - - - - - - - - - - - - - - - - - -
 
 S Vector { Phi(~time)p(~time) }:
   106.9113      28.82856      19.49526      16.88701      15.33481    
   7.085779      2.346865      1.862873      1.098746     0.5557185    
  0.1940233     0.2950375E-05
 Time to compute number of parameters was 0.01 seconds.
   Threshold =  0.2600000E-06     Condition index =  0.2759647E-07     New Threshold =  0.1022040E-04
 New Guessimate of Estimated Parameters { Phi(~time)p(~time) } = 11          
 Conditioned S Vector { Phi(~time)p(~time) }:
   1.000000     0.2696493     0.1823498     0.1579535     0.1434349    
  0.6627716E-01 0.2195151E-01 0.1742447E-01 0.1027717E-01 0.5197939E-02
  0.1814806E-02 0.2759647E-07
 Number of Estimated Parameters { Phi(~time)p(~time) } = 11          
 DEVIANCE { Phi(~time)p(~time) } = 74.473101                     
 DEVIANCE Degrees of Freedom { Phi(~time)p(~time) } = 30            
 c-hat { Phi(~time)p(~time) } = 2.4824367                     
 AIC { Phi(~time)p(~time) } = 678.95021                  
 AICc { Phi(~time)p(~time) } = 679.58789                    
 BIC { Phi(~time)p(~time) } = 723.54904                    
 Pearson Chisquare { Phi(~time)p(~time) } = 214.43432                  
 Possible Encounter Histories { Phi(~time)p(~time) } = 252             
 Pearson Chisquare df { Phi(~time)p(~time) } = 229        
 Pearson chat { Phi(~time)p(~time) } = 0.9363944                  
 Sum(Observed/Expected) { Phi(~time)p(~time) } = 246.01043                  
 Fletcher chat { Phi(~time)p(~time) } = 0.9591926                  


                    LOGIT Link Function Parameters of { Phi(~time)p(~time) }
                                                              95% Confidence Interval
 Parameter                    Beta         Standard Error      Lower           Upper
 -------------------------  --------------  --------------  --------------  --------------
    1:Phi:(Intercept)       0.9354607       0.7685220       -0.5708425      2.4417638     
    2:Phi:time2             -1.1982799      0.8706694       -2.9047920      0.5082322     
    3:Phi:time3             -1.0228343      0.8049141       -2.6004660      0.5547974     
    4:Phi:time4             -0.4198638      0.8091482       -2.0057943      1.1660666     
    5:Phi:time5             -0.5361027      0.8031430       -2.1102630      1.0380575     
    6:Phi:time6             0.2481324       462.68262       -906.60981      907.10608     
    7:p:(Intercept)         0.8292803       0.7837349       -0.7068401      2.3654007     
    8:p:time3               1.6556261       1.2913788       -0.8754763      4.1867286     
    9:p:time4               1.5220953       1.0729129       -0.5808140      3.6250046     
   10:p:time5               1.3767446       0.9884810       -0.5606781      3.3141674     
   11:p:time6               1.7950925       1.0688765       -0.2999054      3.8900904     
   12:p:time7               -0.0147536      353.36256       -692.60539      692.57589     


                    Real Function Parameters of { Phi(~time)p(~time) }
                                                               95% Confidence Interval
  Parameter                  Estimate       Standard Error      Lower           Upper
 --------------------------  --------------  --------------  --------------  --------------
     1:Phi gFemale c1 a0 t1  0.7181818       0.1555463       0.3610425       0.9199571                           
     2:Phi gFemale c1 a1 t2  0.4346708       0.0688290       0.3075048       0.5710588                           
     3:Phi gFemale c1 a2 t3  0.4781705       0.0597091       0.3643839       0.5942685                           
     4:Phi gFemale c1 a3 t4  0.6261176       0.0592656       0.5048460       0.7333740                           
     5:Phi gFemale c1 a4 t5  0.5985334       0.0560517       0.4855434       0.7019411                           
     6:Phi gFemale c1 a5 t6  0.7655932       83.033067       0.3220257E-303  1.0000000                           
     7:p gFemale c1 a1 t2    0.6962027       0.1657634       0.3302974       0.9141506                           
     8:p gFemale c1 a2 t3    0.9230769       0.0728778       0.6161498       0.9889758                           
     9:p gFemale c1 a3 t4    0.9130435       0.0581757       0.7140652       0.9778505                           
    10:p gFemale c1 a4 t5    0.9007892       0.0538329       0.7360177       0.9672856                           
    11:p gFemale c1 a5 t6    0.9324138       0.0458025       0.7684927       0.9828579                           
    12:p gFemale c1 a6 t7    0.6930733       75.167903       0.3688157E-300  1.0000000                           

 Attempted ordering of parameters by estimatibility:
   1  7  5  4  3 12 10 11  9  2  8  6
 Beta number 6 is a singular value.

     CPU Time in seconds for last procedure was 0.06

  Program  MARK  - Survival Rate Estimation with Capture-Recapture Data
   gfortran(Win64) Vers. 8.1 Mar 2016   18-Oct-2017 13:50:30    Page  005
 - - - - - - - - - - - - - - - - - - - - - - - - - - - - - - - - - - - - - -
 


  INPUT --- proc stop;

     CPU Time in minutes for this job was 0.00

     Time Start = 13:50:30.224   Time End = 13:50:30.255

     Wall Clock Time in minutes for this job was 0.00


          E X E C U T I O N   S U C C E S S F U L 
