
   Program  MARK  - Survival Rate Estimation with Capture-Recapture Data
   gfortran(Win64) Vers. 8.1 Mar 2016   18-Oct-2017 13:50:28    Page  001
 - - - - - - - - - - - - - - - - - - - - - - - - - - - - - - - - - - - - - -
 
   This version was compiled by GCC version 5.3.0 using the options: 
     -cpp -iprefix c:\tdm-gcc-64\gcc\bin\../lib/gcc/x86_64-w64-mingw32/5.3.0/ -D_MT
     -U_REENTRANT -D IEEE -m64 -mtune=generic -march=x86-64 -mthreads -O2
     -fimplicit-none -fbounds-check -funroll-loops -ftree-vectorize
     -ffpe-summary=invalid,zero,overflow,underflow -fno-unsafe-math-optimizations
     -frounding-math -fsignaling-nans -fopenmp.

   This problem will use 7 of 8 possible threads.


  INPUT --- proc title ;

     CPU Time in seconds for last procedure was 0.00


  INPUT --- proc chmatrix occasions= 7 groups= 2 etype= Live ICMeans 
  INPUT --- NoHist hist= 55 ;

  INPUT ---    time  interval 1 1 1 1 1 1 ;

  INPUT ---    glabel(1)=sexFemale;

  INPUT ---    glabel(2)=sexMale;

   * *  WARNING  * *   At least a pair of the encounter histories are duplicates. 

      Number of unique encounter histories read was 32.

      Number of individual covariates read was 0.
      Time interval lengths are all equal to 1.

      Data type number is 1
      Data type is Live Recaptures (CJS)                                                                               

     CPU Time in seconds for last procedure was 0.02

  Program  MARK  - Survival Rate Estimation with Capture-Recapture Data
   gfortran(Win64) Vers. 8.1 Mar 2016   18-Oct-2017 13:50:28    Page  002
 - - - - - - - - - - - - - - - - - - - - - - - - - - - - - - - - - - - - - -
 


  INPUT --- proc estimate link=Logit NOLOOP varest=2ndPart    ;


  INPUT --- model={ Phi(~1)p(~Flood) };

  INPUT ---    group=1 Phi    rows=6 cols=6 Triang ;
  INPUT ---        1 1 1 1 1 1 ;
  INPUT ---        1 1 1 1 1 ;
  INPUT ---        1 1 1 1 ;
  INPUT ---        1 1 1 ;
  INPUT ---        1 1 ;
  INPUT ---        1 ;

  INPUT ---    group=2 Phi    rows=6 cols=6 Triang ;
  INPUT ---        1 1 1 1 1 1 ;
  INPUT ---        1 1 1 1 1 ;
  INPUT ---        1 1 1 1 ;
  INPUT ---        1 1 1 ;
  INPUT ---        1 1 ;
  INPUT ---        1 ;

  INPUT ---    group=1 p    rows=6 cols=6 Triang ;
  INPUT ---        2 3 2 2 2 2 ;
  INPUT ---        3 2 2 2 2 ;
  INPUT ---        2 2 2 2 ;
  INPUT ---        2 2 2 ;
  INPUT ---        2 2 ;
  INPUT ---        2 ;

  INPUT ---    group=2 p    rows=6 cols=6 Triang ;
  INPUT ---        2 3 2 2 2 2 ;
  INPUT ---        3 2 2 2 2 ;
  INPUT ---        2 2 2 2 ;
  INPUT ---        2 2 2 ;
  INPUT ---        2 2 ;
  INPUT ---        2 ;

  INPUT ---    design matrix constraints=3 covariates=3;
  INPUT ---        1 0 0;
  INPUT ---        0 1 0;
  INPUT ---        0 1 1;
  INPUT ---       blabel(1)=Phi:(Intercept);
  INPUT ---       blabel(2)=p:(Intercept);
  INPUT ---       blabel(3)=p:Flood;

  Program  MARK  - Survival Rate Estimation with Capture-Recapture Data
   gfortran(Win64) Vers. 8.1 Mar 2016   18-Oct-2017 13:50:28    Page  003
 - - - - - - - - - - - - - - - - - - - - - - - - - - - - - - - - - - - - - -
 
  INPUT ---       rlabel(1)=Phi gFemale c1 a0 t1;
  INPUT ---       rlabel(2)=p gFemale c1 a1 t2;
  INPUT ---       rlabel(3)=p gFemale c1 a2 t3;

 Link Function Used is LOGIT        

 Variance Estimation Procedure Used is 2ndPart 
 -2logL(saturated) = 582.47711     
 Effective Sample Size = 426

 Number of function evaluations was 15 for 3 parameters.
 Time for numerical optimization was 0.01 seconds.
 -2logL { Phi(~1)p(~Flood) } = 666.82374     
 Penalty { Phi(~1)p(~Flood) } = -0.0000000    
 Gradient { Phi(~1)p(~Flood) }:
 -0.9152595E-05-0.3511206E-05-0.1018966E-04
 S Vector { Phi(~1)p(~Flood) }:
   103.6548      9.526445      1.065318    
 Time to compute number of parameters was 0.01 seconds.
   Threshold =  0.8000000E-07     Condition index =  0.1027755E-01     New Threshold =   1.845184    
 New Guessimate of Estimated Parameters { Phi(~1)p(~Flood) } = 1          
 Conditioned S Vector { Phi(~1)p(~Flood) }:
   1.000000     0.9190546E-01 0.1027755E-01
 Number of Estimated Parameters { Phi(~1)p(~Flood) } = 3          
 DEVIANCE { Phi(~1)p(~Flood) } = 84.346631                     
 DEVIANCE Degrees of Freedom { Phi(~1)p(~Flood) } = 38            
 c-hat { Phi(~1)p(~Flood) } = 2.2196482                     
 AIC { Phi(~1)p(~Flood) } = 672.82374                  
 AICc { Phi(~1)p(~Flood) } = 672.88061                    
 BIC { Phi(~1)p(~Flood) } = 684.98706                    
 Pearson Chisquare { Phi(~1)p(~Flood) } = 176.61133                  
 Possible Encounter Histories { Phi(~1)p(~Flood) } = 252             
 Pearson Chisquare df { Phi(~1)p(~Flood) } = 237        
 Pearson chat { Phi(~1)p(~Flood) } = 0.7451955                  
 Sum(Observed/Expected) { Phi(~1)p(~Flood) } = 199.32920                  
 Fletcher chat { Phi(~1)p(~Flood) } = 0.9421062                  


                     LOGIT Link Function Parameters of { Phi(~1)p(~Flood) }
                                                              95% Confidence Interval
 Parameter                    Beta         Standard Error      Lower           Upper
 -------------------------  --------------  --------------  --------------  --------------
    1:Phi:(Intercept)       0.2421268       0.1019815       0.0422432       0.4420105     
    2:p:(Intercept)         2.2378285       0.3408181       1.5698251       2.9058319     
    3:p:Flood               -0.1157080      0.9626777       -2.0025562      1.7711403     


                     Real Function Parameters of { Phi(~1)p(~Flood) }
                                                               95% Confidence Interval
  Parameter                  Estimate       Standard Error      Lower           Upper
 --------------------------  --------------  --------------  --------------  --------------
     1:Phi gFemale c1 a0 t1  0.5602377       0.0251253       0.5105592       0.6087380                           
     2:p gFemale c1 a1 t2    0.9035955       0.0296889       0.8277587       0.9481340                           
     3:p gFemale c1 a2 t3    0.8930347       0.0877952       0.5794943       0.9806124                           

     CPU Time in seconds for last procedure was 0.00

  Program  MARK  - Survival Rate Estimation with Capture-Recapture Data
   gfortran(Win64) Vers. 8.1 Mar 2016   18-Oct-2017 13:50:28    Page  004
 - - - - - - - - - - - - - - - - - - - - - - - - - - - - - - - - - - - - - -
 


  INPUT --- proc stop;

     CPU Time in minutes for this job was 0.00

     Time Start = 13:50:28.800   Time End = 13:50:28.815

     Wall Clock Time in minutes for this job was 0.00


          E X E C U T I O N   S U C C E S S F U L 
