
   Program  MARK  - Survival Rate Estimation with Capture-Recapture Data
   gfortran(Win64) Vers. 8.1 Mar 2016    6-Oct-2016 13:48:21    Page  001
 - - - - - - - - - - - - - - - - - - - - - - - - - - - - - - - - - - - - - -
 
   This version was compiled by GCC version 5.3.0 using the options: 
     -cpp -iprefix c:\tdm-gcc-64\gcc\bin\../lib/gcc/x86_64-w64-mingw32/5.3.0/ -D_MT
     -U_REENTRANT -D IEEE -m64 -mtune=generic -march=x86-64 -mthreads -O2
     -fimplicit-none -fbounds-check -funroll-loops -ftree-vectorize
     -ffpe-summary=invalid,zero,overflow,underflow -fno-unsafe-math-optimizations
     -frounding-math -fsignaling-nans -fopenmp.

   This problem will use 7 of 8 possible threads.


  INPUT --- proc title ;

     CPU Time in seconds for last procedure was 0.00


  INPUT --- proc chmatrix occasions= 9 groups= 2 etype= Live ICMeans 
  INPUT --- NoHist hist= 285 ;

  INPUT ---    time  interval 1 1 1 1 1 1 1 1 ;

  INPUT ---    glabel(1)=treatmentcontrol;

  INPUT ---    glabel(2)=treatmenttreatment;

   * *  WARNING  * *   At least a pair of the encounter histories are duplicates. 

      Number of unique encounter histories read was 207.

      Number of individual covariates read was 0.
      Time interval lengths are all equal to 1.

      Data type number is 1
      Data type is Live Recaptures (CJS)                                                                               

     CPU Time in seconds for last procedure was 0.02

  Program  MARK  - Survival Rate Estimation with Capture-Recapture Data
   gfortran(Win64) Vers. 8.1 Mar 2016    6-Oct-2016 13:48:21    Page  002
 - - - - - - - - - - - - - - - - - - - - - - - - - - - - - - - - - - - - - -
 


  INPUT --- proc estimate link=Logit NOLOOP varest=2ndPart    ;


  INPUT --- model={ Phi(~chronic)p(~1) };

  INPUT ---    group=1 Phi    rows=8 cols=8 Triang ;
  INPUT ---        1 1 1 1 1 1 1 1 ;
  INPUT ---        1 1 1 1 1 1 1 ;
  INPUT ---        1 1 1 1 1 1 ;
  INPUT ---        1 1 1 1 1 ;
  INPUT ---        1 1 1 1 ;
  INPUT ---        1 1 1 ;
  INPUT ---        1 1 ;
  INPUT ---        1 ;

  INPUT ---    group=2 Phi    rows=8 cols=8 Triang ;
  INPUT ---        1 2 2 1 1 2 2 1 ;
  INPUT ---        2 2 1 1 2 2 1 ;
  INPUT ---        2 1 1 2 2 1 ;
  INPUT ---        1 1 2 2 1 ;
  INPUT ---        1 2 2 1 ;
  INPUT ---        2 2 1 ;
  INPUT ---        2 1 ;
  INPUT ---        1 ;

  INPUT ---    group=1 p    rows=8 cols=8 Triang ;
  INPUT ---        3 3 3 3 3 3 3 3 ;
  INPUT ---        3 3 3 3 3 3 3 ;
  INPUT ---        3 3 3 3 3 3 ;
  INPUT ---        3 3 3 3 3 ;
  INPUT ---        3 3 3 3 ;
  INPUT ---        3 3 3 ;
  INPUT ---        3 3 ;
  INPUT ---        3 ;

  INPUT ---    group=2 p    rows=8 cols=8 Triang ;
  INPUT ---        3 3 3 3 3 3 3 3 ;
  INPUT ---        3 3 3 3 3 3 3 ;
  INPUT ---        3 3 3 3 3 3 ;
  INPUT ---        3 3 3 3 3 ;
  INPUT ---        3 3 3 3 ;
  INPUT ---        3 3 3 ;
  INPUT ---        3 3 ;
  INPUT ---        3 ;

  Program  MARK  - Survival Rate Estimation with Capture-Recapture Data
   gfortran(Win64) Vers. 8.1 Mar 2016    6-Oct-2016 13:48:21    Page  003
 - - - - - - - - - - - - - - - - - - - - - - - - - - - - - - - - - - - - - -
 

  INPUT ---    design matrix constraints=3 covariates=3;
  INPUT ---        1 0 0;
  INPUT ---        1 1 0;
  INPUT ---        0 0 1;
  INPUT ---       blabel(1)=Phi:(Intercept);
  INPUT ---       blabel(2)=Phi:chronic;
  INPUT ---       blabel(3)=p:(Intercept);
  INPUT ---       rlabel(1)=Phi gcontrol c1 a0 t1;
  INPUT ---       rlabel(2)=Phi gtreatment c1 a1 t2;
  INPUT ---       rlabel(3)=p gcontrol c1 a1 t2;

 Link Function Used is LOGIT        

 Variance Estimation Procedure Used is 2ndPart 
 -2logL(saturated) = 9836.4346     
 Effective Sample Size = 5001

 Number of function evaluations was 14 for 3 parameters.
 Time for numerical optimization was 0.01 seconds.
 -2logL { Phi(~chronic)p(~1) } = 11210.010     
 Penalty { Phi(~chronic)p(~1) } = -0.0000000    
 Gradient { Phi(~chronic)p(~1) }:
 -0.2293109E-03-0.1229161E-03-0.1193002E-03
 S Vector { Phi(~chronic)p(~1) }:
   1225.945      710.0173      131.5671    
 Time to compute number of parameters was 0.01 seconds.
   Threshold =  0.8000000E-07     Condition index =  0.1073189         New Threshold =   227.8809    
 New Guessimate of Estimated Parameters { Phi(~chronic)p(~1) } = 1          
 Conditioned S Vector { Phi(~chronic)p(~1) }:
   1.000000     0.5791591     0.1073189    
 Number of Estimated Parameters { Phi(~chronic)p(~1) } = 3          
 DEVIANCE { Phi(~chronic)p(~1) } = 1373.5751                     
 DEVIANCE Degrees of Freedom { Phi(~chronic)p(~1) } = 266            
 c-hat { Phi(~chronic)p(~1) } = 5.1638162                     
 AIC { Phi(~chronic)p(~1) } = 11216.010                  
 AICc { Phi(~chronic)p(~1) } = 11216.015                    
 BIC { Phi(~chronic)p(~1) } = 11235.562                    
 Pearson Chisquare { Phi(~chronic)p(~1) } = 1846.2859                  
 Possible Encounter Histories { Phi(~chronic)p(~1) } = 1020             
 Pearson Chisquare df { Phi(~chronic)p(~1) } = 1001        
 Pearson chat { Phi(~chronic)p(~1) } = 1.8444414                  
 Sum(Observed/Expected) { Phi(~chronic)p(~1) } = 945.47236                  
 Fletcher chat { Phi(~chronic)p(~1) } = 1.9898311                  


                    LOGIT Link Function Parameters of { Phi(~chronic)p(~1) }
                                                              95% Confidence Interval
 Parameter                    Beta         Standard Error      Lower           Upper
 -------------------------  --------------  --------------  --------------  --------------
    1:Phi:(Intercept)       1.3797249       0.0415072       1.2983707       1.4610791     
    2:Phi:chronic           -0.4798629      0.0826256       -0.6418091      -0.3179167    
    3:p:(Intercept)         0.5247155       0.0357065       0.4547307       0.5947003     


                    Real Function Parameters of { Phi(~chronic)p(~1) }
                                                               95% Confidence Interval
  Parameter                  Estimate       Standard Error      Lower           Upper
 --------------------------  --------------  --------------  --------------  --------------
     1:Phi gcontrol c1 a0 t  0.7989468       0.0066673       0.7855606       0.8116977                           
     2:Phi gtreatment c1 a1  0.7109211       0.0135177       0.6837247       0.7366797                           
     3:p gcontrol c1 a1 t2   0.6282497       0.0083393       0.6117634       0.6444429                           

  Program  MARK  - Survival Rate Estimation with Capture-Recapture Data
   gfortran(Win64) Vers. 8.1 Mar 2016    6-Oct-2016 13:48:21    Page  004
 - - - - - - - - - - - - - - - - - - - - - - - - - - - - - - - - - - - - - -
 

     CPU Time in seconds for last procedure was 0.02


  INPUT --- proc stop;

     CPU Time in minutes for this job was 0.00

     Time Start = 13:48:21.528   Time End = 13:48:21.544

     Wall Clock Time in minutes for this job was 0.00


          E X E C U T I O N   S U C C E S S F U L 
